#
# There is insufficient memory for the Java Runtime Environment to continue.
# Native memory allocation (mmap) failed to map 51380224 bytes for committing reserved memory.
# Possible reasons:
#   The system is out of physical RAM or swap space
#   The process is running with CompressedOops enabled, and the Java Heap may be blocking the growth of the native heap
# Possible solutions:
#   Reduce memory load on the system
#   Increase physical memory or swap space
#   Check if swap backing store is full
#   Decrease Java heap size (-Xmx/-Xms)
#   Decrease number of Java threads
#   Decrease Java thread stack sizes (-Xss)
#   Set larger code cache with -XX:ReservedCodeCacheSize=
#   JVM is running with Unscaled Compressed Oops mode in which the Java heap is
#     placed in the first 4GB address space. The Java Heap base address is the
#     maximum limit for the native heap growth. Please use -XX:HeapBaseMinAddress
#     to set the Java Heap base and to place the Java Heap above 4GB virtual address.
# This output file may be truncated or incomplete.
#
#  Out of Memory Error (os_linux.cpp:2757), pid=16701, tid=0x00007d9e74e1b700
#
# JRE version: OpenJDK Runtime Environment (8.0_242-b08) (build 1.8.0_242-8u242-b08-1~deb9u1-b08)
# Java VM: OpenJDK 64-Bit Server VM (25.242-b08 mixed mode linux-amd64 compressed oops)
# Failed to write core dump. Core dumps have been disabled. To enable core dumping, try "ulimit -c unlimited" before starting Java again
#

---------------  T H R E A D  ---------------

Current thread (0x00007d9e8807e800):  VMThread [stack: 0x00007d9e74d1c000,0x00007d9e74e1c000] [id=16708]

Stack: [0x00007d9e74d1c000,0x00007d9e74e1c000],  sp=0x00007d9e74e1a4b0,  free space=1017k
Native frames: (J=compiled Java code, j=interpreted, Vv=VM code, C=native code)
V  [libjvm.so+0xa7f540]
V  [libjvm.so+0x4cd76c]
V  [libjvm.so+0x8cd738]
V  [libjvm.so+0x8c4a3e]
V  [libjvm.so+0x942c5e]
V  [libjvm.so+0x93224a]
V  [libjvm.so+0x93242b]
V  [libjvm.so+0x932f03]
V  [libjvm.so+0x93901e]
V  [libjvm.so+0x940a8d]
V  [libjvm.so+0x8f2183]
V  [libjvm.so+0xa81292]
V  [libjvm.so+0xa863e7]
V  [libjvm.so+0xa83be7]
V  [libjvm.so+0xa84ec6]
V  [libjvm.so+0xa853f2]
V  [libjvm.so+0x8cab22]

VM_Operation (0x00007d9e8f5c22c0): ParallelGCFailedAllocation, mode: safepoint, requested by thread 0x00007d9e88011000


---------------  P R O C E S S  ---------------

Java Threads: ( => current thread )
  0x00007d9e89111800 JavaThread "http-nio-8420-Acceptor-0" daemon [_thread_in_native, id=16753, stack(0x00007d9e6488b000,0x00007d9e6498c000)]
  0x00007d9e8910f800 JavaThread "http-nio-8420-ClientPoller-1" daemon [_thread_blocked, id=16752, stack(0x00007d9e6498c000,0x00007d9e64a8d000)]
  0x00007d9e8910e800 JavaThread "http-nio-8420-ClientPoller-0" daemon [_thread_blocked, id=16751, stack(0x00007d9e64a8d000,0x00007d9e64b8e000)]
  0x00007d9e8910b000 JavaThread "http-nio-8420-exec-10" daemon [_thread_blocked, id=16750, stack(0x00007d9e64b8e000,0x00007d9e64c8f000)]
  0x00007d9e89298000 JavaThread "http-nio-8420-exec-9" daemon [_thread_blocked, id=16749, stack(0x00007d9e64c8f000,0x00007d9e64d90000)]
  0x00007d9e89296000 JavaThread "http-nio-8420-exec-8" daemon [_thread_blocked, id=16748, stack(0x00007d9e64d90000,0x00007d9e64e91000)]
  0x00007d9e89294000 JavaThread "http-nio-8420-exec-7" daemon [_thread_blocked, id=16747, stack(0x00007d9e64e91000,0x00007d9e64f92000)]
  0x00007d9e89292000 JavaThread "http-nio-8420-exec-6" daemon [_thread_blocked, id=16746, stack(0x00007d9e64f92000,0x00007d9e65093000)]
  0x00007d9e89c4a000 JavaThread "http-nio-8420-exec-5" daemon [_thread_blocked, id=16745, stack(0x00007d9e65093000,0x00007d9e65194000)]
  0x00007d9e89c48000 JavaThread "http-nio-8420-exec-4" daemon [_thread_blocked, id=16744, stack(0x00007d9e65194000,0x00007d9e65295000)]
  0x00007d9e89c46000 JavaThread "http-nio-8420-exec-3" daemon [_thread_blocked, id=16743, stack(0x00007d9e65295000,0x00007d9e65396000)]
  0x00007d9e89c44800 JavaThread "http-nio-8420-exec-2" daemon [_thread_blocked, id=16742, stack(0x00007d9e65396000,0x00007d9e65497000)]
  0x00007d9e8a008000 JavaThread "http-nio-8420-exec-1" daemon [_thread_blocked, id=16741, stack(0x00007d9e65497000,0x00007d9e65598000)]
  0x00007d9e8a004800 JavaThread "NioBlockingSelector.BlockPoller-1" daemon [_thread_blocked, id=16740, stack(0x00007d9e66398000,0x00007d9e66499000)]
  0x00007d9e890cd000 JavaThread "HikariPool-1 housekeeper" daemon [_thread_blocked, id=16735, stack(0x00007d9e66699000,0x00007d9e6679a000)]
  0x00007d9e8929d800 JavaThread "container-0" [_thread_blocked, id=16734, stack(0x00007d9e66b9a000,0x00007d9e66c9b000)]
  0x00007d9e2c3f5800 JavaThread "Catalina-utility-2" [_thread_blocked, id=16733, stack(0x00007d9e678ff000,0x00007d9e67a00000)]
  0x00007d9e89534800 JavaThread "Catalina-utility-1" [_thread_blocked, id=16732, stack(0x00007d9e6c6c9000,0x00007d9e6c7ca000)]
  0x00007d9e880f2800 JavaThread "Service Thread" daemon [_thread_blocked, id=16726, stack(0x00007d9e7410c000,0x00007d9e7420d000)]
  0x00007d9e880d4800 JavaThread "C1 CompilerThread2" daemon [_thread_blocked, id=16725, stack(0x00007d9e7420e000,0x00007d9e7430e000)]
  0x00007d9e880d3000 JavaThread "C2 CompilerThread1" daemon [_thread_blocked, id=16724, stack(0x00007d9e7430f000,0x00007d9e7440f000)]
  0x00007d9e880d0000 JavaThread "C2 CompilerThread0" daemon [_thread_blocked, id=16723, stack(0x00007d9e74410000,0x00007d9e74510000)]
  0x00007d9e4c001000 JavaThread "JDWP Command Reader" daemon [_thread_in_native, id=16715, stack(0x00007d9e74510000,0x00007d9e74611000)]
  0x00007d9e880ce000 JavaThread "JDWP Event Helper Thread" daemon [_thread_blocked, id=16714, stack(0x00007d9e74611000,0x00007d9e74712000)]
  0x00007d9e880ca800 JavaThread "JDWP Transport Listener: dt_socket" daemon [_thread_blocked, id=16713, stack(0x00007d9e74712000,0x00007d9e74813000)]
  0x00007d9e880bc800 JavaThread "Signal Dispatcher" daemon [_thread_blocked, id=16711, stack(0x00007d9e74a18000,0x00007d9e74b19000)]
  0x00007d9e8808c800 JavaThread "Finalizer" daemon [_thread_blocked, id=16710, stack(0x00007d9e74b19000,0x00007d9e74c1a000)]
  0x00007d9e88088000 JavaThread "Reference Handler" daemon [_thread_blocked, id=16709, stack(0x00007d9e74c1a000,0x00007d9e74d1b000)]
  0x00007d9e88011000 JavaThread "main" [_thread_blocked, id=16703, stack(0x00007d9e8f4c4000,0x00007d9e8f5c4000)]

Other Threads:
=>0x00007d9e8807e800 VMThread [stack: 0x00007d9e74d1c000,0x00007d9e74e1c000] [id=16708]
  0x00007d9e880f4800 WatcherThread [stack: 0x00007d9e7400c000,0x00007d9e7410c000] [id=16727]

VM state:at safepoint (normal execution)

VM Mutex/Monitor currently owned by a thread:  ([mutex/lock_event])
[0x00007d9e8800cbe0] ExpandHeap_lock - owner thread: 0x00007d9e8807e800
[0x00007d9e8800d260] Threads_lock - owner thread: 0x00007d9e8807e800
[0x00007d9e8800d760] Heap_lock - owner thread: 0x00007d9e88011000

heap address: 0x00000000d4400000, size: 700 MB, Compressed Oops mode: 32-bit
Narrow klass base: 0x0000000000000000, Narrow klass shift: 3
Compressed class space size: 1073741824 Address: 0x0000000100000000

Heap:
 PSYoungGen      total 218112K, used 0K [0x00000000f1700000, 0x00000000ffd00000, 0x0000000100000000)
  eden space 202752K, 0% used [0x00000000f1700000,0x00000000f1700000,0x00000000fdd00000)
  from space 15360K, 0% used [0x00000000fee00000,0x00000000fee00000,0x00000000ffd00000)
  to   space 16384K, 0% used [0x00000000fdd00000,0x00000000fdd00000,0x00000000fed00000)
 ParOldGen       total 96768K, used 91584K [0x00000000d4400000, 0x00000000da280000, 0x00000000f1700000)
  object space 96768K, 94% used [0x00000000d4400000,0x00000000d9d70320,0x00000000da280000)
 Metaspace       used 63914K, capacity 66090K, committed 66264K, reserved 1107968K
  class space    used 8191K, capacity 8609K, committed 8704K, reserved 1048576K

Card table byte_map: [0x00007d9e8c04f000,0x00007d9e8c1ae000] byte_map_base: 0x00007d9e8b9ad000

Marking Bits: (ParMarkBitMap*) 0x00007d9e8e7af5c0
 Begin Bits: [0x00007d9e76a1d000, 0x00007d9e7750d000)
 End Bits:   [0x00007d9e7750d000, 0x00007d9e77ffd000)

Polling page: 0x00007d9e8f5d7000

CodeCache: size=245760Kb used=21070Kb max_used=21128Kb free=224689Kb
 bounds [0x00007d9e787c1000, 0x00007d9e79c81000, 0x00007d9e877c1000]
 total_blobs=6171 nmethods=5589 adapters=505
 compilation: enabled

Compilation events (10 events):
Event: 128.175 Thread 0x00007d9e880d4800 nmethod 6803 0x00007d9e79c46490 code [0x00007d9e79c46600, 0x00007d9e79c46788]
Event: 128.175 Thread 0x00007d9e880d4800 6801       3       java.lang.StringBuilder::deleteCharAt (8 bytes)
Event: 128.176 Thread 0x00007d9e880d4800 nmethod 6801 0x00007d9e79c460d0 code [0x00007d9e79c46240, 0x00007d9e79c463e8]
Event: 128.176 Thread 0x00007d9e880d4800 6802       3       java.lang.AbstractStringBuilder::deleteCharAt (56 bytes)
Event: 128.219 Thread 0x00007d9e880d4800 nmethod 6802 0x00007d9e79c45ad0 code [0x00007d9e79c45c60, 0x00007d9e79c45fb8]
Event: 129.108 Thread 0x00007d9e880d4800 6804   !   3       sun.nio.ch.SelectorImpl::lockAndDoSelect (72 bytes)
Event: 129.676 Thread 0x00007d9e880d4800 nmethod 6804 0x00007d9e79c49c10 code [0x00007d9e79c49de0, 0x00007d9e79c4a818]
Event: 129.778 Thread 0x00007d9e880d4800 6805       3       sun.nio.ch.SelectorImpl::select (34 bytes)
Event: 129.783 Thread 0x00007d9e880d4800 nmethod 6805 0x00007d9e7891c450 code [0x00007d9e7891c5e0, 0x00007d9e7891c8f8]
Event: 131.909 Thread 0x00007d9e880d3000 6806       4       java.lang.Integer::getChars (131 bytes)

GC Heap History (10 events):
Event: 128.853 GC heap after
Heap after GC invocations=28 (full 4):
 PSYoungGen      total 215040K, used 5406K [0x00000000f1700000, 0x00000000ffd00000, 0x0000000100000000)
  eden space 196608K, 0% used [0x00000000f1700000,0x00000000f1700000,0x00000000fd700000)
  from space 18432K, 29% used [0x00000000feb00000,0x00000000ff047930,0x00000000ffd00000)
  to   space 19456K, 0% used [0x00000000fd700000,0x00000000fd700000,0x00000000fea00000)
 ParOldGen       total 96768K, used 68298K [0x00000000d4400000, 0x00000000da280000, 0x00000000f1700000)
  object space 96768K, 70% used [0x00000000d4400000,0x00000000d86b2a30,0x00000000da280000)
 Metaspace       used 63913K, capacity 66090K, committed 66264K, reserved 1107968K
  class space    used 8191K, capacity 8609K, committed 8704K, reserved 1048576K
}
Event: 129.444 GC heap before
{Heap before GC invocations=29 (full 4):
 PSYoungGen      total 215040K, used 201958K [0x00000000f1700000, 0x00000000ffd00000, 0x0000000100000000)
  eden space 196608K, 99% used [0x00000000f1700000,0x00000000fd6f2270,0x00000000fd700000)
  from space 18432K, 29% used [0x00000000feb00000,0x00000000ff047930,0x00000000ffd00000)
  to   space 19456K, 0% used [0x00000000fd700000,0x00000000fd700000,0x00000000fea00000)
 ParOldGen       total 96768K, used 68298K [0x00000000d4400000, 0x00000000da280000, 0x00000000f1700000)
  object space 96768K, 70% used [0x00000000d4400000,0x00000000d86b2a30,0x00000000da280000)
 Metaspace       used 63913K, capacity 66090K, committed 66264K, reserved 1107968K
  class space    used 8191K, capacity 8609K, committed 8704K, reserved 1048576K
Event: 129.593 GC heap after
Heap after GC invocations=29 (full 4):
 PSYoungGen      total 216064K, used 5368K [0x00000000f1700000, 0x0000000100000000, 0x0000000100000000)
  eden space 196608K, 0% used [0x00000000f1700000,0x00000000f1700000,0x00000000fd700000)
  from space 19456K, 27% used [0x00000000fd700000,0x00000000fdc3e0e0,0x00000000fea00000)
  to   space 18944K, 0% used [0x00000000fed80000,0x00000000fed80000,0x0000000100000000)
 ParOldGen       total 96768K, used 73256K [0x00000000d4400000, 0x00000000da280000, 0x00000000f1700000)
  object space 96768K, 75% used [0x00000000d4400000,0x00000000d8b8a2d0,0x00000000da280000)
 Metaspace       used 63913K, capacity 66090K, committed 66264K, reserved 1107968K
  class space    used 8191K, capacity 8609K, committed 8704K, reserved 1048576K
}
Event: 129.841 GC heap before
{Heap before GC invocations=30 (full 4):
 PSYoungGen      total 216064K, used 201884K [0x00000000f1700000, 0x0000000100000000, 0x0000000100000000)
  eden space 196608K, 99% used [0x00000000f1700000,0x00000000fd6e91d8,0x00000000fd700000)
  from space 19456K, 27% used [0x00000000fd700000,0x00000000fdc3e0e0,0x00000000fea00000)
  to   space 18944K, 0% used [0x00000000fed80000,0x00000000fed80000,0x0000000100000000)
 ParOldGen       total 96768K, used 73256K [0x00000000d4400000, 0x00000000da280000, 0x00000000f1700000)
  object space 96768K, 75% used [0x00000000d4400000,0x00000000d8b8a2d0,0x00000000da280000)
 Metaspace       used 63914K, capacity 66090K, committed 66264K, reserved 1107968K
  class space    used 8191K, capacity 8609K, committed 8704K, reserved 1048576K
Event: 129.894 GC heap after
Heap after GC invocations=30 (full 4):
 PSYoungGen      total 217600K, used 4902K [0x00000000f1700000, 0x00000000ffe80000, 0x0000000100000000)
  eden space 200192K, 0% used [0x00000000f1700000,0x00000000f1700000,0x00000000fda80000)
  from space 17408K, 28% used [0x00000000fed80000,0x00000000ff249848,0x00000000ffe80000)
  to   space 18432K, 0% used [0x00000000fda80000,0x00000000fda80000,0x00000000fec80000)
 ParOldGen       total 96768K, used 78185K [0x00000000d4400000, 0x00000000da280000, 0x00000000f1700000)
  object space 96768K, 80% used [0x00000000d4400000,0x00000000d905a4f0,0x00000000da280000)
 Metaspace       used 63914K, capacity 66090K, committed 66264K, reserved 1107968K
  class space    used 8191K, capacity 8609K, committed 8704K, reserved 1048576K
}
Event: 130.232 GC heap before
{Heap before GC invocations=31 (full 4):
 PSYoungGen      total 217600K, used 204947K [0x00000000f1700000, 0x00000000ffe80000, 0x0000000100000000)
  eden space 200192K, 99% used [0x00000000f1700000,0x00000000fda5b408,0x00000000fda80000)
  from space 17408K, 28% used [0x00000000fed80000,0x00000000ff249848,0x00000000ffe80000)
  to   space 18432K, 0% used [0x00000000fda80000,0x00000000fda80000,0x00000000fec80000)
 ParOldGen       total 96768K, used 78185K [0x00000000d4400000, 0x00000000da280000, 0x00000000f1700000)
  object space 96768K, 80% used [0x00000000d4400000,0x00000000d905a4f0,0x00000000da280000)
 Metaspace       used 63914K, capacity 66090K, committed 66264K, reserved 1107968K
  class space    used 8191K, capacity 8609K, committed 8704K, reserved 1048576K
Event: 130.610 GC heap after
Heap after GC invocations=31 (full 4):
 PSYoungGen      total 218624K, used 5804K [0x00000000f1700000, 0x00000000fff00000, 0x0000000100000000)
  eden space 200192K, 0% used [0x00000000f1700000,0x00000000f1700000,0x00000000fda80000)
  from space 18432K, 31% used [0x00000000fda80000,0x00000000fe02b120,0x00000000fec80000)
  to   space 17408K, 0% used [0x00000000fee00000,0x00000000fee00000,0x00000000fff00000)
 ParOldGen       total 96768K, used 82657K [0x00000000d4400000, 0x00000000da280000, 0x00000000f1700000)
  object space 96768K, 85% used [0x00000000d4400000,0x00000000d94b8748,0x00000000da280000)
 Metaspace       used 63914K, capacity 66090K, committed 66264K, reserved 1107968K
  class space    used 8191K, capacity 8609K, committed 8704K, reserved 1048576K
}
Event: 132.228 GC heap before
{Heap before GC invocations=32 (full 4):
 PSYoungGen      total 218624K, used 205992K [0x00000000f1700000, 0x00000000fff00000, 0x0000000100000000)
  eden space 200192K, 99% used [0x00000000f1700000,0x00000000fda7f000,0x00000000fda80000)
  from space 18432K, 31% used [0x00000000fda80000,0x00000000fe02b120,0x00000000fec80000)
  to   space 17408K, 0% used [0x00000000fee00000,0x00000000fee00000,0x00000000fff00000)
 ParOldGen       total 96768K, used 82657K [0x00000000d4400000, 0x00000000da280000, 0x00000000f1700000)
  object space 96768K, 85% used [0x00000000d4400000,0x00000000d94b8748,0x00000000da280000)
 Metaspace       used 63914K, capacity 66090K, committed 66264K, reserved 1107968K
  class space    used 8191K, capacity 8609K, committed 8704K, reserved 1048576K
Event: 134.663 GC heap after
Heap after GC invocations=32 (full 4):
 PSYoungGen      total 218112K, used 6517K [0x00000000f1700000, 0x00000000ffd00000, 0x0000000100000000)
  eden space 202752K, 0% used [0x00000000f1700000,0x00000000f1700000,0x00000000fdd00000)
  from space 15360K, 42% used [0x00000000fee00000,0x00000000ff45d590,0x00000000ffd00000)
  to   space 16384K, 0% used [0x00000000fdd00000,0x00000000fdd00000,0x00000000fed00000)
 ParOldGen       total 96768K, used 88189K [0x00000000d4400000, 0x00000000da280000, 0x00000000f1700000)
  object space 96768K, 91% used [0x00000000d4400000,0x00000000d9a1f4e0,0x00000000da280000)
 Metaspace       used 63914K, capacity 66090K, committed 66264K, reserved 1107968K
  class space    used 8191K, capacity 8609K, committed 8704K, reserved 1048576K
}
Event: 135.292 GC heap before
{Heap before GC invocations=33 (full 5):
 PSYoungGen      total 218112K, used 6517K [0x00000000f1700000, 0x00000000ffd00000, 0x0000000100000000)
  eden space 202752K, 0% used [0x00000000f1700000,0x00000000f1700000,0x00000000fdd00000)
  from space 15360K, 42% used [0x00000000fee00000,0x00000000ff45d590,0x00000000ffd00000)
  to   space 16384K, 0% used [0x00000000fdd00000,0x00000000fdd00000,0x00000000fed00000)
 ParOldGen       total 96768K, used 88189K [0x00000000d4400000, 0x00000000da280000, 0x00000000f1700000)
  object space 96768K, 91% used [0x00000000d4400000,0x00000000d9a1f4e0,0x00000000da280000)
 Metaspace       used 63914K, capacity 66090K, committed 66264K, reserved 1107968K
  class space    used 8191K, capacity 8609K, committed 8704K, reserved 1048576K

Deoptimization events (10 events):
Event: 123.786 Thread 0x00007d9e88011000 Uncommon trap: reason=unstable_if action=reinterpret pc=0x00007d9e7925c90c method=java.util.jar.Manifest.getTrustedAttributes(Ljava/lang/String;)Ljava/util/jar/Attributes; @ 7
Event: 124.111 Thread 0x00007d9e88011000 Uncommon trap: reason=unstable_if action=reinterpret pc=0x00007d9e79a5881c method=java.net.URI$Parser.scan(IILjava/lang/String;Ljava/lang/String;)I @ 23
Event: 125.088 Thread 0x00007d9e88011000 Uncommon trap: reason=bimorphic action=maybe_recompile pc=0x00007d9e7918d414 method=java.io.DataInputStream.readInt()I @ 4
Event: 125.092 Thread 0x00007d9e88011000 Uncommon trap: reason=class_check action=maybe_recompile pc=0x00007d9e798e208c method=java.io.DataInputStream.readUnsignedShort()I @ 4
Event: 125.092 Thread 0x00007d9e88011000 Uncommon trap: reason=class_check action=maybe_recompile pc=0x00007d9e798e208c method=java.io.DataInputStream.readUnsignedShort()I @ 4
Event: 125.092 Thread 0x00007d9e88011000 Uncommon trap: reason=class_check action=maybe_recompile pc=0x00007d9e798e208c method=java.io.DataInputStream.readUnsignedShort()I @ 4
Event: 125.092 Thread 0x00007d9e88011000 Uncommon trap: reason=class_check action=maybe_recompile pc=0x00007d9e798e208c method=java.io.DataInputStream.readUnsignedShort()I @ 4
Event: 125.515 Thread 0x00007d9e88011000 Uncommon trap: reason=bimorphic action=maybe_recompile pc=0x00007d9e7918d414 method=java.io.DataInputStream.readInt()I @ 4
Event: 125.545 Thread 0x00007d9e88011000 Uncommon trap: reason=bimorphic action=maybe_recompile pc=0x00007d9e7918d414 method=java.io.DataInputStream.readInt()I @ 4
Event: 125.547 Thread 0x00007d9e88011000 Uncommon trap: reason=bimorphic action=maybe_recompile pc=0x00007d9e7918d414 method=java.io.DataInputStream.readInt()I @ 4

Classes redefined (0 events):
No events

Internal exceptions (10 events):
Event: 124.953 Thread 0x00007d9e88011000 Exception <a 'java/security/PrivilegedActionException'> (0x00000000f2c3e6a0) thrown at [/build/openjdk-8-8u242-b08/src/hotspot/src/share/vm/prims/jvm.cpp, line 1502]
Event: 124.953 Thread 0x00007d9e88011000 Exception <a 'java/security/PrivilegedActionException'> (0x00000000f2c3ea98) thrown at [/build/openjdk-8-8u242-b08/src/hotspot/src/share/vm/prims/jvm.cpp, line 1502]
Event: 124.960 Thread 0x00007d9e88011000 Exception <a 'java/security/PrivilegedActionException'> (0x00000000f2c59a60) thrown at [/build/openjdk-8-8u242-b08/src/hotspot/src/share/vm/prims/jvm.cpp, line 1502]
Event: 124.960 Thread 0x00007d9e88011000 Exception <a 'java/security/PrivilegedActionException'> (0x00000000f2c59e58) thrown at [/build/openjdk-8-8u242-b08/src/hotspot/src/share/vm/prims/jvm.cpp, line 1502]
Event: 124.961 Thread 0x00007d9e88011000 Exception <a 'java/security/PrivilegedActionException'> (0x00000000f2c643f0) thrown at [/build/openjdk-8-8u242-b08/src/hotspot/src/share/vm/prims/jvm.cpp, line 1502]
Event: 124.961 Thread 0x00007d9e88011000 Exception <a 'java/security/PrivilegedActionException'> (0x00000000f2c647e8) thrown at [/build/openjdk-8-8u242-b08/src/hotspot/src/share/vm/prims/jvm.cpp, line 1502]
Event: 124.963 Thread 0x00007d9e88011000 Exception <a 'java/security/PrivilegedActionException'> (0x00000000f2c6ea58) thrown at [/build/openjdk-8-8u242-b08/src/hotspot/src/share/vm/prims/jvm.cpp, line 1502]
Event: 124.963 Thread 0x00007d9e88011000 Exception <a 'java/security/PrivilegedActionException'> (0x00000000f2c6ee50) thrown at [/build/openjdk-8-8u242-b08/src/hotspot/src/share/vm/prims/jvm.cpp, line 1502]
Event: 124.965 Thread 0x00007d9e88011000 Exception <a 'java/security/PrivilegedActionException'> (0x00000000f2c79998) thrown at [/build/openjdk-8-8u242-b08/src/hotspot/src/share/vm/prims/jvm.cpp, line 1502]
Event: 124.965 Thread 0x00007d9e88011000 Exception <a 'java/security/PrivilegedActionException'> (0x00000000f2c79d90) thrown at [/build/openjdk-8-8u242-b08/src/hotspot/src/share/vm/prims/jvm.cpp, line 1502]

Events (10 events):
Event: 129.677 Executing VM operation: ParallelGCFailedAllocation done
Event: 129.765 Thread 0x00007d9e880d4800 flushing nmethod 0x00007d9e7891c290
Event: 129.783 Thread 0x00007d9e880d4800 flushing nmethod 0x00007d9e789ac210
Event: 129.784 Thread 0x00007d9e880d4800 flushing nmethod 0x00007d9e78a04990
Event: 129.784 Thread 0x00007d9e880d4800 flushing nmethod 0x00007d9e78a05fd0
Event: 129.835 Executing VM operation: ParallelGCFailedAllocation
Event: 129.900 Executing VM operation: ParallelGCFailedAllocation done
Event: 130.229 Executing VM operation: ParallelGCFailedAllocation
Event: 131.252 Executing VM operation: ParallelGCFailedAllocation done
Event: 132.193 Executing VM operation: ParallelGCFailedAllocation


Dynamic libraries:
d4400000-da280000 rw-p 00000000 00:00 0 
dd380000-f1700000 ---p 00000000 00:00 0 
f1700000-ffd00000 rw-p 00000000 00:00 0 
ffd00000-100000000 ---p 00000000 00:00 0 
100000000-100880000 rw-p 00000000 00:00 0 
100880000-140000000 ---p 00000000 00:00 0 
59192b9c1000-59192b9c2000 r-xp 00000000 00:28 190929                     /usr/lib/jvm/java-8-openjdk-amd64/jre/bin/java
59192bbc1000-59192bbc2000 r--p 00000000 00:28 190929                     /usr/lib/jvm/java-8-openjdk-amd64/jre/bin/java
59192bbc2000-59192bbc3000 rw-p 00001000 00:28 190929                     /usr/lib/jvm/java-8-openjdk-amd64/jre/bin/java
59192d2b6000-59192d2d7000 rw-p 00000000 00:00 0                          [heap]
7d9df0000000-7d9df0021000 rw-p 00000000 00:00 0 
7d9df0021000-7d9df4000000 ---p 00000000 00:00 0 
7d9df75e7000-7d9df7627000 rw-p 00000000 00:00 0 
7d9df7627000-7d9df77e7000 ---p 00000000 00:00 0 
7d9df77e7000-7d9df79e7000 rw-p 00000000 00:00 0 
7d9df79e7000-7d9df79ea000 ---p 00000000 00:00 0 
7d9df79ea000-7d9df7ae8000 rw-p 00000000 00:00 0 
7d9df7ae8000-7d9df7aeb000 ---p 00000000 00:00 0 
7d9df7aeb000-7d9df7de9000 rw-p 00000000 00:00 0 
7d9df7de9000-7d9df7dfd000 r-xp 00000000 00:28 1927                       /lib/x86_64-linux-gnu/libresolv-2.24.so
7d9df7dfd000-7d9df7ffc000 ---p 00014000 00:28 1927                       /lib/x86_64-linux-gnu/libresolv-2.24.so
7d9df7ffc000-7d9df7ffd000 r--p 00013000 00:28 1927                       /lib/x86_64-linux-gnu/libresolv-2.24.so
7d9df7ffd000-7d9df7ffe000 rw-p 00014000 00:28 1927                       /lib/x86_64-linux-gnu/libresolv-2.24.so
7d9df7ffe000-7d9df8000000 rw-p 00000000 00:00 0 
7d9df8000000-7d9df8021000 rw-p 00000000 00:00 0 
7d9df8021000-7d9dfc000000 ---p 00000000 00:00 0 
7d9dfc000000-7d9dfc021000 rw-p 00000000 00:00 0 
7d9dfc021000-7d9e00000000 ---p 00000000 00:00 0 
7d9e00000000-7d9e00021000 rw-p 00000000 00:00 0 
7d9e00021000-7d9e04000000 ---p 00000000 00:00 0 
7d9e04000000-7d9e04021000 rw-p 00000000 00:00 0 
7d9e04021000-7d9e08000000 ---p 00000000 00:00 0 
7d9e08000000-7d9e08021000 rw-p 00000000 00:00 0 
7d9e08021000-7d9e0c000000 ---p 00000000 00:00 0 
7d9e0c000000-7d9e0c021000 rw-p 00000000 00:00 0 
7d9e0c021000-7d9e10000000 ---p 00000000 00:00 0 
7d9e10000000-7d9e10021000 rw-p 00000000 00:00 0 
7d9e10021000-7d9e14000000 ---p 00000000 00:00 0 
7d9e14000000-7d9e14021000 rw-p 00000000 00:00 0 
7d9e14021000-7d9e18000000 ---p 00000000 00:00 0 
7d9e18000000-7d9e18021000 rw-p 00000000 00:00 0 
7d9e18021000-7d9e1c000000 ---p 00000000 00:00 0 
7d9e1c000000-7d9e1c021000 rw-p 00000000 00:00 0 
7d9e1c021000-7d9e20000000 ---p 00000000 00:00 0 
7d9e20000000-7d9e2009b000 rw-p 00000000 00:00 0 
7d9e2009b000-7d9e24000000 ---p 00000000 00:00 0 
7d9e24000000-7d9e24021000 rw-p 00000000 00:00 0 
7d9e24021000-7d9e28000000 ---p 00000000 00:00 0 
7d9e28000000-7d9e28021000 rw-p 00000000 00:00 0 
7d9e28021000-7d9e2c000000 ---p 00000000 00:00 0 
7d9e2c000000-7d9e2c46c000 rw-p 00000000 00:00 0 
7d9e2c46c000-7d9e30000000 ---p 00000000 00:00 0 
7d9e30000000-7d9e314d3000 rw-p 00000000 00:00 0 
7d9e314d3000-7d9e34000000 ---p 00000000 00:00 0 
7d9e34000000-7d9e34021000 rw-p 00000000 00:00 0 
7d9e34021000-7d9e38000000 ---p 00000000 00:00 0 
7d9e38000000-7d9e3aaff000 rw-p 00000000 00:00 0 
7d9e3aaff000-7d9e3c000000 ---p 00000000 00:00 0 
7d9e3c000000-7d9e3f465000 rw-p 00000000 00:00 0 
7d9e3f465000-7d9e40000000 ---p 00000000 00:00 0 
7d9e40000000-7d9e40021000 rw-p 00000000 00:00 0 
7d9e40021000-7d9e44000000 ---p 00000000 00:00 0 
7d9e44000000-7d9e44021000 rw-p 00000000 00:00 0 
7d9e44021000-7d9e48000000 ---p 00000000 00:00 0 
7d9e48000000-7d9e48021000 rw-p 00000000 00:00 0 
7d9e48021000-7d9e4c000000 ---p 00000000 00:00 0 
7d9e4c000000-7d9e4c021000 rw-p 00000000 00:00 0 
7d9e4c021000-7d9e50000000 ---p 00000000 00:00 0 
7d9e50000000-7d9e50021000 rw-p 00000000 00:00 0 
7d9e50021000-7d9e54000000 ---p 00000000 00:00 0 
7d9e54000000-7d9e54051000 rw-p 00000000 00:00 0 
7d9e54051000-7d9e58000000 ---p 00000000 00:00 0 
7d9e58000000-7d9e58023000 rw-p 00000000 00:00 0 
7d9e58023000-7d9e5c000000 ---p 00000000 00:00 0 
7d9e5c000000-7d9e5c0f2000 rw-p 00000000 00:00 0 
7d9e5c0f2000-7d9e60000000 ---p 00000000 00:00 0 
7d9e60000000-7d9e60021000 rw-p 00000000 00:00 0 
7d9e60021000-7d9e64000000 ---p 00000000 00:00 0 
7d9e64055000-7d9e6405a000 r-xp 00000000 00:28 1900                       /lib/x86_64-linux-gnu/libnss_dns-2.24.so
7d9e6405a000-7d9e64259000 ---p 00005000 00:28 1900                       /lib/x86_64-linux-gnu/libnss_dns-2.24.so
7d9e64259000-7d9e6425a000 r--p 00004000 00:28 1900                       /lib/x86_64-linux-gnu/libnss_dns-2.24.so
7d9e6425a000-7d9e6425b000 rw-p 00005000 00:28 1900                       /lib/x86_64-linux-gnu/libnss_dns-2.24.so
7d9e6425b000-7d9e6425d000 r-xp 00000000 00:28 187632                     /lib/x86_64-linux-gnu/libnss_mdns4_minimal.so.2
7d9e6425d000-7d9e6445c000 ---p 00002000 00:28 187632                     /lib/x86_64-linux-gnu/libnss_mdns4_minimal.so.2
7d9e6445c000-7d9e6445d000 r--p 00001000 00:28 187632                     /lib/x86_64-linux-gnu/libnss_mdns4_minimal.so.2
7d9e6445d000-7d9e6445e000 rw-p 00002000 00:28 187632                     /lib/x86_64-linux-gnu/libnss_mdns4_minimal.so.2
7d9e6445e000-7d9e6465e000 rw-p 00000000 00:00 0 
7d9e6465e000-7d9e64687000 r-xp 00000000 00:28 190969                     /usr/lib/jvm/java-8-openjdk-amd64/jre/lib/amd64/libsunec.so
7d9e64687000-7d9e64886000 ---p 00029000 00:28 190969                     /usr/lib/jvm/java-8-openjdk-amd64/jre/lib/amd64/libsunec.so
7d9e64886000-7d9e6488a000 r--p 00028000 00:28 190969                     /usr/lib/jvm/java-8-openjdk-amd64/jre/lib/amd64/libsunec.so
7d9e6488a000-7d9e6488b000 rw-p 0002c000 00:28 190969                     /usr/lib/jvm/java-8-openjdk-amd64/jre/lib/amd64/libsunec.so
7d9e6488b000-7d9e6488e000 ---p 00000000 00:00 0 
7d9e6488e000-7d9e6498c000 rw-p 00000000 00:00 0 
7d9e6498c000-7d9e6498f000 ---p 00000000 00:00 0 
7d9e6498f000-7d9e64a8d000 rw-p 00000000 00:00 0 
7d9e64a8d000-7d9e64a90000 ---p 00000000 00:00 0 
7d9e64a90000-7d9e64b8e000 rw-p 00000000 00:00 0 
7d9e64b8e000-7d9e64b91000 ---p 00000000 00:00 0 
7d9e64b91000-7d9e64c8f000 rw-p 00000000 00:00 0 
7d9e64c8f000-7d9e64c92000 ---p 00000000 00:00 0 
7d9e64c92000-7d9e64d90000 rw-p 00000000 00:00 0 
7d9e64d90000-7d9e64d93000 ---p 00000000 00:00 0 
7d9e64d93000-7d9e64e91000 rw-p 00000000 00:00 0 
7d9e64e91000-7d9e64e94000 ---p 00000000 00:00 0 
7d9e64e94000-7d9e64f92000 rw-p 00000000 00:00 0 
7d9e64f92000-7d9e64f95000 ---p 00000000 00:00 0 
7d9e64f95000-7d9e65093000 rw-p 00000000 00:00 0 
7d9e65093000-7d9e65096000 ---p 00000000 00:00 0 
7d9e65096000-7d9e65194000 rw-p 00000000 00:00 0 
7d9e65194000-7d9e65197000 ---p 00000000 00:00 0 
7d9e65197000-7d9e65295000 rw-p 00000000 00:00 0 
7d9e65295000-7d9e65298000 ---p 00000000 00:00 0 
7d9e65298000-7d9e65396000 rw-p 00000000 00:00 0 
7d9e65396000-7d9e65399000 ---p 00000000 00:00 0 
7d9e65399000-7d9e65497000 rw-p 00000000 00:00 0 
7d9e65497000-7d9e6549a000 ---p 00000000 00:00 0 
7d9e6549a000-7d9e65798000 rw-p 00000000 00:00 0 
7d9e65798000-7d9e65998000 rw-p 00000000 00:00 0 
7d9e65998000-7d9e65b98000 rw-p 00000000 00:00 0 
7d9e65b98000-7d9e65d98000 rw-p 00000000 00:00 0 
7d9e65d98000-7d9e65f98000 rw-p 00000000 00:00 0 
7d9e65f98000-7d9e66198000 rw-p 00000000 00:00 0 
7d9e66198000-7d9e66398000 rw-p 00000000 00:00 0 
7d9e66398000-7d9e6639b000 ---p 00000000 00:00 0 
7d9e6639b000-7d9e66699000 rw-p 00000000 00:00 0 
7d9e66699000-7d9e6669c000 ---p 00000000 00:00 0 
7d9e6669c000-7d9e6699a000 rw-p 00000000 00:00 0 
7d9e6699a000-7d9e66b90000 rw-p 00000000 00:00 0 
7d9e66b90000-7d9e66b9a000 ---p 00000000 00:00 0 
7d9e66b9a000-7d9e66b9d000 ---p 00000000 00:00 0 
7d9e66b9d000-7d9e66e9b000 rw-p 00000000 00:00 0 
7d9e66e9b000-7d9e6709b000 rw-p 00000000 00:00 0 
7d9e670ff000-7d9e672ff000 rw-p 00000000 00:00 0 
7d9e672ff000-7d9e674ff000 rw-p 00000000 00:00 0 
7d9e674ff000-7d9e676ff000 rw-p 00000000 00:00 0 
7d9e676ff000-7d9e678ff000 rw-p 00000000 00:00 0 
7d9e678ff000-7d9e67902000 ---p 00000000 00:00 0 
7d9e67902000-7d9e67c00000 rw-p 00000000 00:00 0 
7d9e67c00000-7d9e67e00000 rw-p 00000000 00:00 0 
7d9e67e00000-7d9e68000000 rw-p 00000000 00:00 0 
7d9e68000000-7d9e68022000 rw-p 00000000 00:00 0 
7d9e68022000-7d9e6c000000 ---p 00000000 00:00 0 
7d9e6c0a0000-7d9e6c0b3000 r--s 00346000 00:28 191008                     /usr/lib/jvm/java-8-openjdk-amd64/jre/lib/resources.jar
7d9e6c0b3000-7d9e6c0b5000 r--s 00016000 00:28 191002                     /usr/lib/jvm/java-8-openjdk-amd64/jre/lib/jce.jar
7d9e6c0b5000-7d9e6c0ba000 r--s 002f9000 00:28 190975                     /usr/lib/jvm/java-8-openjdk-amd64/jre/lib/charsets.jar
7d9e6c0ba000-7d9e6c0bf000 r--s 000a3000 00:28 191004                     /usr/lib/jvm/java-8-openjdk-amd64/jre/lib/jsse.jar
7d9e6c0bf000-7d9e6c2bf000 rw-p 00000000 00:00 0 
7d9e6c2bf000-7d9e6c2c8000 r-xp 00000000 00:28 190962                     /usr/lib/jvm/java-8-openjdk-amd64/jre/lib/amd64/libmanagement.so
7d9e6c2c8000-7d9e6c4c7000 ---p 00009000 00:28 190962                     /usr/lib/jvm/java-8-openjdk-amd64/jre/lib/amd64/libmanagement.so
7d9e6c4c7000-7d9e6c4c8000 r--p 00008000 00:28 190962                     /usr/lib/jvm/java-8-openjdk-amd64/jre/lib/amd64/libmanagement.so
7d9e6c4c8000-7d9e6c4c9000 rw-p 00009000 00:28 190962                     /usr/lib/jvm/java-8-openjdk-amd64/jre/lib/amd64/libmanagement.so
7d9e6c4c9000-7d9e6c6c9000 rw-p 00000000 00:00 0 
7d9e6c6c9000-7d9e6c6cc000 ---p 00000000 00:00 0 
7d9e6c6cc000-7d9e6c7ca000 rw-p 00000000 00:00 0 
7d9e6c7ca000-7d9e6c7cc000 r--s 00005000 00:28 325321                     /home/sgtmms/.m2/repository/stax/stax-api/1.0.1/stax-api-1.0.1.jar
7d9e6c7cc000-7d9e6c809000 r--s 0024f000 00:28 325319                     /home/sgtmms/.m2/repository/org/apache/xmlbeans/xmlbeans/2.3.0/xmlbeans-2.3.0.jar
7d9e6c809000-7d9e6c89d000 r--s 00401000 00:28 325317                     /home/sgtmms/.m2/repository/org/apache/poi/poi-ooxml-schemas/3.9/poi-ooxml-schemas-3.9.jar
7d9e6c89d000-7d9e6c8a6000 r--s 0002d000 00:28 325315                     /home/sgtmms/.m2/repository/xml-apis/xml-apis/1.4.01/xml-apis-1.4.01.jar
7d9e6c8a6000-7d9e6c8ab000 r--s 00048000 00:28 325313                     /home/sgtmms/.m2/repository/dom4j/dom4j/1.6.1/dom4j-1.6.1.jar
7d9e6c8ab000-7d9e6c8b7000 r--s 000d9000 00:28 325311                     /home/sgtmms/.m2/repository/org/apache/poi/poi-ooxml/3.9/poi-ooxml-3.9.jar
7d9e6c8b7000-7d9e6c8be000 r--s 0004b000 00:28 271725                     /home/sgtmms/.m2/repository/commons-codec/commons-codec/1.11/commons-codec-1.11.jar
7d9e6c8be000-7d9e6c8de000 r--s 001a9000 00:28 325308                     /home/sgtmms/.m2/repository/org/apache/poi/poi/3.9/poi-3.9.jar
7d9e6c8de000-7d9e6c8e2000 r--s 0004c000 00:28 267128                     /home/sgtmms/.m2/repository/com/fasterxml/jackson/core/jackson-core/2.9.8/jackson-core-2.9.8.jar
7d9e6c8e2000-7d9e6c8e5000 r--s 0000e000 00:28 267110                     /home/sgtmms/.m2/repository/com/fasterxml/jackson/core/jackson-annotations/2.9.0/jackson-annotations-2.9.0.jar
7d9e6c8e5000-7d9e6c8f7000 r--s 00137000 00:28 267094                     /home/sgtmms/.m2/repository/com/fasterxml/jackson/core/jackson-databind/2.9.8/jackson-databind-2.9.8.jar
7d9e6c8f7000-7d9e6c8f8000 r--s 00005000 00:28 267077                     /home/sgtmms/.m2/repository/org/springframework/spring-jcl/5.1.6.RELEASE/spring-jcl-5.1.6.RELEASE.jar
7d9e6c8f8000-7d9e6c910000 r--s 00124000 00:28 267552                     /home/sgtmms/.m2/repository/org/springframework/spring-core/5.1.6.RELEASE/spring-core-5.1.6.RELEASE.jar
7d9e6c910000-7d9e6c91d000 r--s 00098000 00:28 267031                     /home/sgtmms/.m2/repository/org/springframework/spring-beans/5.1.6.RELEASE/spring-beans-5.1.6.RELEASE.jar
7d9e6c91d000-7d9e6c939000 r--s 00137000 00:28 267016                     /home/sgtmms/.m2/repository/org/springframework/spring-web/5.1.6.RELEASE/spring-web-5.1.6.RELEASE.jar
7d9e6c939000-7d9e6c947000 r--s 0016d000 00:28 266992                     /home/sgtmms/.m2/repository/org/hsqldb/hsqldb/2.4.1/hsqldb-2.4.1.jar
7d9e6c947000-7d9e6c951000 r--s 000c0000 00:28 266976                     /home/sgtmms/.m2/repository/org/postgresql/postgresql/42.2.5/postgresql-42.2.5.jar
7d9e6c951000-7d9e6c953000 r--s 0000a000 00:28 266947                     /home/sgtmms/.m2/repository/org/springframework/spring-aspects/5.1.6.RELEASE/spring-aspects-5.1.6.RELEASE.jar
7d9e6c953000-7d9e6c96d000 r--s 000f3000 00:28 266777                     /home/sgtmms/.m2/repository/org/springframework/spring-context/5.1.6.RELEASE/spring-context-5.1.6.RELEASE.jar
7d9e6c96d000-7d9e6c971000 r--s 0002d000 00:28 266691                     /home/sgtmms/.m2/repository/org/springframework/spring-orm/5.1.6.RELEASE/spring-orm-5.1.6.RELEASE.jar
7d9e6c971000-7d9e6c989000 r--s 00106000 00:28 266629                     /home/sgtmms/.m2/repository/org/springframework/data/spring-data-commons/2.1.6.RELEASE/spring-data-commons-2.1.6.RELEASE.jar
7d9e6c989000-7d9e6c991000 r--s 0004f000 00:28 266611                     /home/sgtmms/.m2/repository/org/springframework/data/spring-data-jpa/2.1.6.RELEASE/spring-data-jpa-2.1.6.RELEASE.jar
7d9e6c991000-7d9e6c994000 r--s 00010000 00:28 266579                     /home/sgtmms/.m2/repository/org/hibernate/common/hibernate-commons-annotations/5.0.4.Final/hibernate-commons-annotations-5.0.4.Final.jar
7d9e6c994000-7d9e6c999000 r--s 0004b000 00:28 266571                     /home/sgtmms/.m2/repository/org/dom4j/dom4j/2.1.1/dom4j-2.1.1.jar
7d9e6c999000-7d9e6c99b000 r--s 0000f000 00:28 266532                     /home/sgtmms/.m2/repository/com/fasterxml/classmate/1.4.0/classmate-1.4.0.jar
7d9e6c99b000-7d9e6c99e000 r--s 0002b000 00:28 266505                     /home/sgtmms/.m2/repository/org/jboss/jandex/2.0.5.Final/jandex-2.0.5.Final.jar
7d9e6c99e000-7d9e6c9a3000 r--s 00068000 00:28 266490                     /home/sgtmms/.m2/repository/antlr/antlr/2.7.7/antlr-2.7.7.jar
7d9e6c9a3000-7d9e6c9ea000 r--s 002da000 00:28 267417                     /home/sgtmms/.m2/repository/net/bytebuddy/byte-buddy/1.9.12/byte-buddy-1.9.12.jar
7d9e6c9ea000-7d9e6c9f5000 r--s 000b2000 00:28 266459                     /home/sgtmms/.m2/repository/org/javassist/javassist/3.23.1-GA/javassist-3.23.1-GA.jar
7d9e6c9f5000-7d9e6c9fb000 r--s 00023000 00:28 266443                     /home/sgtmms/.m2/repository/javax/persistence/javax.persistence-api/2.2/javax.persistence-api-2.2.jar
7d9e6c9fb000-7d9e6c9fd000 r--s 0000f000 00:28 266594                     /home/sgtmms/.m2/repository/org/jboss/logging/jboss-logging/3.3.2.Final/jboss-logging-3.3.2.Final.jar
7d9e6c9fd000-7d9e6ca80000 r--s 00626000 00:28 266413                     /home/sgtmms/.m2/repository/org/hibernate/hibernate-core/5.3.9.Final/hibernate-core-5.3.9.Final.jar
7d9e6ca80000-7d9e6ca82000 r--s 0000c000 00:28 266537                     /home/sgtmms/.m2/repository/javax/activation/javax.activation-api/1.2.0/javax.activation-api-1.2.0.jar
7d9e6ca82000-7d9e6ca86000 r--s 0001c000 00:28 267622                     /home/sgtmms/.m2/repository/javax/xml/bind/jaxb-api/2.3.1/jaxb-api-2.3.1.jar
7d9e6ca86000-7d9e6ca87000 r--s 00006000 00:28 266353                     /home/sgtmms/.m2/repository/javax/transaction/javax.transaction-api/1.3/javax.transaction-api-1.3.jar
7d9e6ca87000-7d9e6caa0000 r--s 001de000 00:28 266960                     /home/sgtmms/.m2/repository/org/aspectj/aspectjweaver/1.9.2/aspectjweaver-1.9.2.jar
7d9e6caa0000-7d9e6caaa000 r--s 00051000 00:28 266869                     /home/sgtmms/.m2/repository/org/springframework/spring-aop/5.1.6.RELEASE/spring-aop-5.1.6.RELEASE.jar
7d9e6caaa000-7d9e6caab000 r--s 00000000 00:28 266234                     /home/sgtmms/.m2/repository/org/springframework/boot/spring-boot-starter-aop/2.1.4.RELEASE/spring-boot-starter-aop-2.1.4.RELEASE.jar
7d9e6caab000-7d9e6caac000 r--s 00000000 00:28 266216                     /home/sgtmms/.m2/repository/org/springframework/boot/spring-boot-starter-data-jpa/2.1.4.RELEASE/spring-boot-starter-data-jpa-2.1.4.RELEASE.jar
7d9e6caac000-7d9e6cab4000 r--s 00037000 00:28 266882                     /home/sgtmms/.m2/repository/org/springframework/spring-tx/5.1.6.RELEASE/spring-tx-5.1.6.RELEASE.jar
7d9e6cab4000-7d9e6cabd000 r--s 0005a000 00:28 266746                     /home/sgtmms/.m2/repository/org/springframework/spring-jdbc/5.1.6.RELEASE/spring-jdbc-5.1.6.RELEASE.jar
7d9e6cabd000-7d9e6cac1000 r--s 00020000 00:28 266084                     /home/sgtmms/.m2/repository/com/zaxxer/HikariCP/3.2.0/HikariCP-3.2.0.jar
7d9e6cac1000-7d9e6cac8000 r--s 00043000 00:28 266068                     /home/sgtmms/.m2/repository/org/yaml/snakeyaml/1.23/snakeyaml-1.23.jar
7d9e6cac8000-7d9e6caca000 r--s 00005000 00:28 266035                     /home/sgtmms/.m2/repository/javax/annotation/javax.annotation-api/1.3.2/javax.annotation-api-1.3.2.jar
7d9e6caca000-7d9e6cacc000 r--s 00000000 00:28 266005                     /home/sgtmms/.m2/repository/org/slf4j/jul-to-slf4j/1.7.26/jul-to-slf4j-1.7.26.jar
7d9e6cacc000-7d9e6cad2000 r--s 0003c000 00:28 265988                     /home/sgtmms/.m2/repository/org/apache/logging/log4j/log4j-api/2.11.2/log4j-api-2.11.2.jar
7d9e6cad2000-7d9e6cad4000 r--s 00003000 00:28 265957                     /home/sgtmms/.m2/repository/org/apache/logging/log4j/log4j-to-slf4j/2.11.2/log4j-to-slf4j-2.11.2.jar
7d9e6cad4000-7d9e6cadf000 r--s 00069000 00:28 265915                     /home/sgtmms/.m2/repository/ch/qos/logback/logback-core/1.2.3/logback-core-1.2.3.jar
7d9e6cadf000-7d9e6cae5000 r--s 00041000 00:28 265900                     /home/sgtmms/.m2/repository/ch/qos/logback/logback-classic/1.2.3/logback-classic-1.2.3.jar
7d9e6cae5000-7d9e6cae6000 r--s 00000000 00:28 265883                     /home/sgtmms/.m2/repository/org/springframework/boot/spring-boot-starter-logging/2.1.4.RELEASE/spring-boot-starter-logging-2.1.4.RELEASE.jar
7d9e6cae6000-7d9e6cb0a000 r--s 00111000 00:28 267247                     /home/sgtmms/.m2/repository/org/springframework/boot/spring-boot-autoconfigure/2.1.4.RELEASE/spring-boot-autoconfigure-2.1.4.RELEASE.jar
7d9e6cb0a000-7d9e6cb1f000 r--s 000d4000 00:28 267200                     /home/sgtmms/.m2/repository/org/springframework/boot/spring-boot/2.1.4.RELEASE/spring-boot-2.1.4.RELEASE.jar
7d9e6cb1f000-7d9e6cb20000 r--s 00000000 00:28 267169                     /home/sgtmms/.m2/repository/org/springframework/boot/spring-boot-starter/2.1.4.RELEASE/spring-boot-starter-2.1.4.RELEASE.jar
7d9e6cb20000-7d9e6cb21000 r--s 00000000 00:28 266336                     /home/sgtmms/.m2/repository/org/springframework/boot/spring-boot-starter-jdbc/2.1.4.RELEASE/spring-boot-starter-jdbc-2.1.4.RELEASE.jar
7d9e6cb21000-7d9e6cb23000 r--s 00009000 00:28 267339                     /home/sgtmms/.m2/repository/org/slf4j/slf4j-api/1.7.26/slf4j-api-1.7.26.jar
7d9e6cb23000-7d9e6cb28000 r--s 0002f000 00:28 265395                     /home/sgtmms/.m2/repository/org/springframework/hateoas/spring-hateoas/0.25.1.RELEASE/spring-hateoas-0.25.1.RELEASE.jar
7d9e6cb28000-7d9e6cb2d000 r--s 0001f000 00:28 265361                     /home/sgtmms/.m2/repository/org/springframework/data/spring-data-rest-core/3.1.6.RELEASE/spring-data-rest-core-3.1.6.RELEASE.jar
7d9e6cb2d000-7d9e6cb34000 r--s 0004e000 00:28 265345                     /home/sgtmms/.m2/repository/org/springframework/data/spring-data-rest-webmvc/3.1.6.RELEASE/spring-data-rest-webmvc-3.1.6.RELEASE.jar
7d9e6cb34000-7d9e6cb39000 r--s 00040000 00:28 266841                     /home/sgtmms/.m2/repository/org/springframework/spring-expression/5.1.6.RELEASE/spring-expression-5.1.6.RELEASE.jar
7d9e6cb39000-7d9e6cb48000 r--s 000b5000 00:28 265701                     /home/sgtmms/.m2/repository/org/springframework/spring-webmvc/5.1.6.RELEASE/spring-webmvc-5.1.6.RELEASE.jar
7d9e6cb48000-7d9e6cb4d000 r--s 00012000 00:28 265137                     /home/sgtmms/.m2/repository/javax/validation/validation-api/2.0.1.Final/validation-api-2.0.1.Final.jar
7d9e6cb4d000-7d9e6cb6a000 r--s 000fe000 00:28 265120                     /home/sgtmms/.m2/repository/org/hibernate/validator/hibernate-validator/6.0.16.Final/hibernate-validator-6.0.16.Final.jar
7d9e6cb6a000-7d9e6cb6f000 r--s 0003c000 00:28 265091                     /home/sgtmms/.m2/repository/org/apache/tomcat/embed/tomcat-embed-websocket/9.0.17/tomcat-embed-websocket-9.0.17.jar
7d9e6cb6f000-7d9e6cb74000 r--s 00039000 00:28 265076                     /home/sgtmms/.m2/repository/org/apache/tomcat/embed/tomcat-embed-el/9.0.17/tomcat-embed-el-9.0.17.jar
7d9e6cb74000-7d9e6cb9e000 r--s 002f9000 00:28 265059                     /home/sgtmms/.m2/repository/org/apache/tomcat/embed/tomcat-embed-core/9.0.17/tomcat-embed-core-9.0.17.jar
7d9e6cb9e000-7d9e6fb9f000 rw-p 00000000 00:00 0 
7d9e6fb9f000-7d9e6fbb6000 r-xp 00000000 00:28 190964                     /usr/lib/jvm/java-8-openjdk-amd64/jre/lib/amd64/libnet.so
7d9e6fbb6000-7d9e6fdb5000 ---p 00017000 00:28 190964                     /usr/lib/jvm/java-8-openjdk-amd64/jre/lib/amd64/libnet.so
7d9e6fdb5000-7d9e6fdb6000 r--p 00016000 00:28 190964                     /usr/lib/jvm/java-8-openjdk-amd64/jre/lib/amd64/libnet.so
7d9e6fdb6000-7d9e6fdb7000 rw-p 00017000 00:28 190964                     /usr/lib/jvm/java-8-openjdk-amd64/jre/lib/amd64/libnet.so
7d9e6fdb7000-7d9e6fdc8000 r-xp 00000000 00:28 190965                     /usr/lib/jvm/java-8-openjdk-amd64/jre/lib/amd64/libnio.so
7d9e6fdc8000-7d9e6ffc8000 ---p 00011000 00:28 190965                     /usr/lib/jvm/java-8-openjdk-amd64/jre/lib/amd64/libnio.so
7d9e6ffc8000-7d9e6ffc9000 r--p 00011000 00:28 190965                     /usr/lib/jvm/java-8-openjdk-amd64/jre/lib/amd64/libnio.so
7d9e6ffc9000-7d9e6ffca000 rw-p 00012000 00:28 190965                     /usr/lib/jvm/java-8-openjdk-amd64/jre/lib/amd64/libnio.so
7d9e6ffca000-7d9e6ffe5000 r--s 001d6000 00:28 190988                     /usr/lib/jvm/java-8-openjdk-amd64/jre/lib/ext/nashorn.jar
7d9e6ffe5000-7d9e70000000 r--s 00394000 00:28 190983                     /usr/lib/jvm/java-8-openjdk-amd64/jre/lib/ext/cldrdata.jar
7d9e70000000-7d9e70021000 rw-p 00000000 00:00 0 
7d9e70021000-7d9e74000000 ---p 00000000 00:00 0 
7d9e74000000-7d9e74002000 r--s 00002000 00:28 265627                     /home/sgtmms/.m2/repository/org/atteo/evo-inflector/1.2.2/evo-inflector-1.2.2.jar
7d9e74002000-7d9e74003000 r--s 00004000 00:28 265546                     /home/sgtmms/.m2/repository/org/springframework/plugin/spring-plugin-core/1.2.0.RELEASE/spring-plugin-core-1.2.0.RELEASE.jar
7d9e74003000-7d9e74004000 r--s 00000000 00:28 265019                     /home/sgtmms/.m2/repository/org/springframework/boot/spring-boot-starter-tomcat/2.1.4.RELEASE/spring-boot-starter-tomcat-2.1.4.RELEASE.jar
7d9e74004000-7d9e74006000 r--s 00001000 00:28 264971                     /home/sgtmms/.m2/repository/com/fasterxml/jackson/module/jackson-module-parameter-names/2.9.8/jackson-module-parameter-names-2.9.8.jar
7d9e74006000-7d9e74009000 r--s 00016000 00:28 264907                     /home/sgtmms/.m2/repository/com/fasterxml/jackson/datatype/jackson-datatype-jsr310/2.9.8/jackson-datatype-jsr310-2.9.8.jar
7d9e74009000-7d9e7400b000 r--s 00007000 00:28 265666                     /home/sgtmms/.m2/repository/com/fasterxml/jackson/datatype/jackson-datatype-jdk8/2.9.8/jackson-datatype-jdk8-2.9.8.jar
7d9e7400b000-7d9e7400c000 ---p 00000000 00:00 0 
7d9e7400c000-7d9e7410c000 rw-p 00000000 00:00 0 
7d9e7410c000-7d9e7410f000 ---p 00000000 00:00 0 
7d9e7410f000-7d9e7420d000 rw-p 00000000 00:00 0 
7d9e7420d000-7d9e74211000 ---p 00000000 00:00 0 
7d9e74211000-7d9e7430e000 rw-p 00000000 00:00 0 
7d9e7430e000-7d9e74312000 ---p 00000000 00:00 0 
7d9e74312000-7d9e7440f000 rw-p 00000000 00:00 0 
7d9e7440f000-7d9e74413000 ---p 00000000 00:00 0 
7d9e74413000-7d9e74510000 rw-p 00000000 00:00 0 
7d9e74510000-7d9e74513000 ---p 00000000 00:00 0 
7d9e74513000-7d9e74611000 rw-p 00000000 00:00 0 
7d9e74611000-7d9e74614000 ---p 00000000 00:00 0 
7d9e74614000-7d9e74712000 rw-p 00000000 00:00 0 
7d9e74712000-7d9e74715000 ---p 00000000 00:00 0 
7d9e74715000-7d9e74813000 rw-p 00000000 00:00 0 
7d9e74813000-7d9e74817000 r-xp 00000000 00:28 190945                     /usr/lib/jvm/java-8-openjdk-amd64/jre/lib/amd64/libdt_socket.so
7d9e74817000-7d9e74a16000 ---p 00004000 00:28 190945                     /usr/lib/jvm/java-8-openjdk-amd64/jre/lib/amd64/libdt_socket.so
7d9e74a16000-7d9e74a17000 r--p 00003000 00:28 190945                     /usr/lib/jvm/java-8-openjdk-amd64/jre/lib/amd64/libdt_socket.so
7d9e74a17000-7d9e74a18000 rw-p 00004000 00:28 190945                     /usr/lib/jvm/java-8-openjdk-amd64/jre/lib/amd64/libdt_socket.so
7d9e74a18000-7d9e74a1b000 ---p 00000000 00:00 0 
7d9e74a1b000-7d9e74b19000 rw-p 00000000 00:00 0 
7d9e74b19000-7d9e74b1c000 ---p 00000000 00:00 0 
7d9e74b1c000-7d9e74c1a000 rw-p 00000000 00:00 0 
7d9e74c1a000-7d9e74c1d000 ---p 00000000 00:00 0 
7d9e74c1d000-7d9e74d1b000 rw-p 00000000 00:00 0 
7d9e74d1b000-7d9e74d1c000 ---p 00000000 00:00 0 
7d9e74d1c000-7d9e75e1e000 rw-p 00000000 00:00 0 
7d9e75e1e000-7d9e75fee000 r--s 03c68000 00:28 191009                     /usr/lib/jvm/java-8-openjdk-amd64/jre/lib/rt.jar
7d9e75fee000-7d9e77ffd000 rw-p 00000000 00:00 0 
7d9e77ffd000-7d9e77ffe000 ---p 00000000 00:00 0 
7d9e77ffe000-7d9e780fe000 rw-p 00000000 00:00 0 
7d9e780fe000-7d9e780ff000 ---p 00000000 00:00 0 
7d9e780ff000-7d9e781ff000 rw-p 00000000 00:00 0 
7d9e781ff000-7d9e78200000 ---p 00000000 00:00 0 
7d9e78200000-7d9e78300000 rw-p 00000000 00:00 0 
7d9e78300000-7d9e78301000 ---p 00000000 00:00 0 
7d9e78301000-7d9e78454000 rw-p 00000000 00:00 0 
7d9e78454000-7d9e787c1000 ---p 00000000 00:00 0 
7d9e787c1000-7d9e79c81000 rwxp 00000000 00:00 0 
7d9e79c81000-7d9e877c1000 ---p 00000000 00:00 0 
7d9e877c1000-7d9e877c9000 r-xp 00000000 00:28 190972                     /usr/lib/jvm/java-8-openjdk-amd64/jre/lib/amd64/libzip.so
7d9e877c9000-7d9e879c8000 ---p 00008000 00:28 190972                     /usr/lib/jvm/java-8-openjdk-amd64/jre/lib/amd64/libzip.so
7d9e879c8000-7d9e879c9000 r--p 00007000 00:28 190972                     /usr/lib/jvm/java-8-openjdk-amd64/jre/lib/amd64/libzip.so
7d9e879c9000-7d9e879ca000 rw-p 00008000 00:28 190972                     /usr/lib/jvm/java-8-openjdk-amd64/jre/lib/amd64/libzip.so
7d9e879ca000-7d9e879d4000 r-xp 00000000 00:28 1902                       /lib/x86_64-linux-gnu/libnss_files-2.24.so
7d9e879d4000-7d9e87bd4000 ---p 0000a000 00:28 1902                       /lib/x86_64-linux-gnu/libnss_files-2.24.so
7d9e87bd4000-7d9e87bd5000 r--p 0000a000 00:28 1902                       /lib/x86_64-linux-gnu/libnss_files-2.24.so
7d9e87bd5000-7d9e87bd6000 rw-p 0000b000 00:28 1902                       /lib/x86_64-linux-gnu/libnss_files-2.24.so
7d9e87bd6000-7d9e87bdc000 rw-p 00000000 00:00 0 
7d9e87bdc000-7d9e87be7000 r-xp 00000000 00:28 1906                       /lib/x86_64-linux-gnu/libnss_nis-2.24.so
7d9e87be7000-7d9e87de6000 ---p 0000b000 00:28 1906                       /lib/x86_64-linux-gnu/libnss_nis-2.24.so
7d9e87de6000-7d9e87de7000 r--p 0000a000 00:28 1906                       /lib/x86_64-linux-gnu/libnss_nis-2.24.so
7d9e87de7000-7d9e87de8000 rw-p 0000b000 00:28 1906                       /lib/x86_64-linux-gnu/libnss_nis-2.24.so
7d9e87de8000-7d9e87dfc000 r-xp 00000000 00:28 1896                       /lib/x86_64-linux-gnu/libnsl-2.24.so
7d9e87dfc000-7d9e87ffc000 ---p 00014000 00:28 1896                       /lib/x86_64-linux-gnu/libnsl-2.24.so
7d9e87ffc000-7d9e87ffd000 r--p 00014000 00:28 1896                       /lib/x86_64-linux-gnu/libnsl-2.24.so
7d9e87ffd000-7d9e87ffe000 rw-p 00015000 00:28 1896                       /lib/x86_64-linux-gnu/libnsl-2.24.so
7d9e87ffe000-7d9e88000000 rw-p 00000000 00:00 0 
7d9e88000000-7d9e8a141000 rw-p 00000000 00:00 0 
7d9e8a141000-7d9e8c000000 ---p 00000000 00:00 0 
7d9e8c000000-7d9e8c001000 r--s 00000000 00:28 264804                     /home/sgtmms/.m2/repository/org/springframework/boot/spring-boot-starter-json/2.1.4.RELEASE/spring-boot-starter-json-2.1.4.RELEASE.jar
7d9e8c001000-7d9e8c002000 r--s 00000000 00:28 264800                     /home/sgtmms/.m2/repository/org/springframework/boot/spring-boot-starter-web/2.1.4.RELEASE/spring-boot-starter-web-2.1.4.RELEASE.jar
7d9e8c002000-7d9e8c003000 r--s 00000000 00:28 264798                     /home/sgtmms/.m2/repository/org/springframework/boot/spring-boot-starter-data-rest/2.1.4.RELEASE/spring-boot-starter-data-rest-2.1.4.RELEASE.jar
7d9e8c003000-7d9e8c007000 r--s 0003a000 00:28 190991                     /usr/lib/jvm/java-8-openjdk-amd64/jre/lib/ext/sunpkcs11.jar
7d9e8c007000-7d9e8c00c000 r--s 0003d000 00:28 190990                     /usr/lib/jvm/java-8-openjdk-amd64/jre/lib/ext/sunjce_provider.jar
7d9e8c00c000-7d9e8c016000 r--s 00116000 00:28 190987                     /usr/lib/jvm/java-8-openjdk-amd64/jre/lib/ext/localedata.jar
7d9e8c016000-7d9e8c019000 r--s 0000f000 00:28 190985                     /usr/lib/jvm/java-8-openjdk-amd64/jre/lib/ext/icedtea-sound.jar
7d9e8c019000-7d9e8c07f000 rw-p 00000000 00:00 0 
7d9e8c07f000-7d9e8c138000 ---p 00000000 00:00 0 
7d9e8c138000-7d9e8c1ac000 rw-p 00000000 00:00 0 
7d9e8c1ac000-7d9e8c1ad000 ---p 00000000 00:00 0 
7d9e8c1ad000-7d9e8c1ae000 rw-p 00000000 00:00 0 
7d9e8c1ae000-7d9e8c1b5000 r-xp 00000000 00:28 1898                       /lib/x86_64-linux-gnu/libnss_compat-2.24.so
7d9e8c1b5000-7d9e8c3b4000 ---p 00007000 00:28 1898                       /lib/x86_64-linux-gnu/libnss_compat-2.24.so
7d9e8c3b4000-7d9e8c3b5000 r--p 00006000 00:28 1898                       /lib/x86_64-linux-gnu/libnss_compat-2.24.so
7d9e8c3b5000-7d9e8c3b6000 rw-p 00007000 00:28 1898                       /lib/x86_64-linux-gnu/libnss_compat-2.24.so
7d9e8c3b6000-7d9e8c551000 r--p 00000000 00:28 2946                       /usr/lib/locale/locale-archive
7d9e8c551000-7d9e8c553000 r-xp 00000000 00:28 190966                     /usr/lib/jvm/java-8-openjdk-amd64/jre/lib/amd64/libnpt.so
7d9e8c553000-7d9e8c753000 ---p 00002000 00:28 190966                     /usr/lib/jvm/java-8-openjdk-amd64/jre/lib/amd64/libnpt.so
7d9e8c753000-7d9e8c754000 r--p 00002000 00:28 190966                     /usr/lib/jvm/java-8-openjdk-amd64/jre/lib/amd64/libnpt.so
7d9e8c754000-7d9e8c755000 rw-p 00003000 00:28 190966                     /usr/lib/jvm/java-8-openjdk-amd64/jre/lib/amd64/libnpt.so
7d9e8c755000-7d9e8c790000 r-xp 00000000 00:28 190958                     /usr/lib/jvm/java-8-openjdk-amd64/jre/lib/amd64/libjdwp.so
7d9e8c790000-7d9e8c990000 ---p 0003b000 00:28 190958                     /usr/lib/jvm/java-8-openjdk-amd64/jre/lib/amd64/libjdwp.so
7d9e8c990000-7d9e8c991000 r--p 0003b000 00:28 190958                     /usr/lib/jvm/java-8-openjdk-amd64/jre/lib/amd64/libjdwp.so
7d9e8c991000-7d9e8c992000 rw-p 0003c000 00:28 190958                     /usr/lib/jvm/java-8-openjdk-amd64/jre/lib/amd64/libjdwp.so
7d9e8c992000-7d9e8c9bc000 r-xp 00000000 00:28 190953                     /usr/lib/jvm/java-8-openjdk-amd64/jre/lib/amd64/libjava.so
7d9e8c9bc000-7d9e8cbbb000 ---p 0002a000 00:28 190953                     /usr/lib/jvm/java-8-openjdk-amd64/jre/lib/amd64/libjava.so
7d9e8cbbb000-7d9e8cbbc000 r--p 00029000 00:28 190953                     /usr/lib/jvm/java-8-openjdk-amd64/jre/lib/amd64/libjava.so
7d9e8cbbc000-7d9e8cbbe000 rw-p 0002a000 00:28 190953                     /usr/lib/jvm/java-8-openjdk-amd64/jre/lib/amd64/libjava.so
7d9e8cbbe000-7d9e8cbcd000 r-xp 00000000 00:28 190971                     /usr/lib/jvm/java-8-openjdk-amd64/jre/lib/amd64/libverify.so
7d9e8cbcd000-7d9e8cdcd000 ---p 0000f000 00:28 190971                     /usr/lib/jvm/java-8-openjdk-amd64/jre/lib/amd64/libverify.so
7d9e8cdcd000-7d9e8cdcf000 r--p 0000f000 00:28 190971                     /usr/lib/jvm/java-8-openjdk-amd64/jre/lib/amd64/libverify.so
7d9e8cdcf000-7d9e8cdd0000 rw-p 00011000 00:28 190971                     /usr/lib/jvm/java-8-openjdk-amd64/jre/lib/amd64/libverify.so
7d9e8cdd0000-7d9e8cdd7000 r-xp 00000000 00:28 1929                       /lib/x86_64-linux-gnu/librt-2.24.so
7d9e8cdd7000-7d9e8cfd6000 ---p 00007000 00:28 1929                       /lib/x86_64-linux-gnu/librt-2.24.so
7d9e8cfd6000-7d9e8cfd7000 r--p 00006000 00:28 1929                       /lib/x86_64-linux-gnu/librt-2.24.so
7d9e8cfd7000-7d9e8cfd8000 rw-p 00007000 00:28 1929                       /lib/x86_64-linux-gnu/librt-2.24.so
7d9e8cfd8000-7d9e8cfee000 r-xp 00000000 00:28 1864                       /lib/x86_64-linux-gnu/libgcc_s.so.1
7d9e8cfee000-7d9e8d1ed000 ---p 00016000 00:28 1864                       /lib/x86_64-linux-gnu/libgcc_s.so.1
7d9e8d1ed000-7d9e8d1ee000 r--p 00015000 00:28 1864                       /lib/x86_64-linux-gnu/libgcc_s.so.1
7d9e8d1ee000-7d9e8d1ef000 rw-p 00016000 00:28 1864                       /lib/x86_64-linux-gnu/libgcc_s.so.1
7d9e8d1ef000-7d9e8d2f2000 r-xp 00000000 00:28 1883                       /lib/x86_64-linux-gnu/libm-2.24.so
7d9e8d2f2000-7d9e8d4f1000 ---p 00103000 00:28 1883                       /lib/x86_64-linux-gnu/libm-2.24.so
7d9e8d4f1000-7d9e8d4f2000 r--p 00102000 00:28 1883                       /lib/x86_64-linux-gnu/libm-2.24.so
7d9e8d4f2000-7d9e8d4f3000 rw-p 00103000 00:28 1883                       /lib/x86_64-linux-gnu/libm-2.24.so
7d9e8d4f3000-7d9e8d665000 r-xp 00000000 00:28 5509                       /usr/lib/x86_64-linux-gnu/libstdc++.so.6.0.22
7d9e8d665000-7d9e8d865000 ---p 00172000 00:28 5509                       /usr/lib/x86_64-linux-gnu/libstdc++.so.6.0.22
7d9e8d865000-7d9e8d86f000 r--p 00172000 00:28 5509                       /usr/lib/x86_64-linux-gnu/libstdc++.so.6.0.22
7d9e8d86f000-7d9e8d871000 rw-p 0017c000 00:28 5509                       /usr/lib/x86_64-linux-gnu/libstdc++.so.6.0.22
7d9e8d871000-7d9e8d875000 rw-p 00000000 00:00 0 
7d9e8d875000-7d9e8e4e0000 r-xp 00000000 00:28 190974                     /usr/lib/jvm/java-8-openjdk-amd64/jre/lib/amd64/server/libjvm.so
7d9e8e4e0000-7d9e8e6df000 ---p 00c6b000 00:28 190974                     /usr/lib/jvm/java-8-openjdk-amd64/jre/lib/amd64/server/libjvm.so
7d9e8e6df000-7d9e8e773000 r--p 00c6a000 00:28 190974                     /usr/lib/jvm/java-8-openjdk-amd64/jre/lib/amd64/server/libjvm.so
7d9e8e773000-7d9e8e79c000 rw-p 00cfe000 00:28 190974                     /usr/lib/jvm/java-8-openjdk-amd64/jre/lib/amd64/server/libjvm.so
7d9e8e79c000-7d9e8e7cc000 rw-p 00000000 00:00 0 
7d9e8e7cc000-7d9e8e961000 r-xp 00000000 00:28 1833                       /lib/x86_64-linux-gnu/libc-2.24.so
7d9e8e961000-7d9e8eb61000 ---p 00195000 00:28 1833                       /lib/x86_64-linux-gnu/libc-2.24.so
7d9e8eb61000-7d9e8eb65000 r--p 00195000 00:28 1833                       /lib/x86_64-linux-gnu/libc-2.24.so
7d9e8eb65000-7d9e8eb67000 rw-p 00199000 00:28 1833                       /lib/x86_64-linux-gnu/libc-2.24.so
7d9e8eb67000-7d9e8eb6b000 rw-p 00000000 00:00 0 
7d9e8eb6b000-7d9e8eb6e000 r-xp 00000000 00:28 1850                       /lib/x86_64-linux-gnu/libdl-2.24.so
7d9e8eb6e000-7d9e8ed6d000 ---p 00003000 00:28 1850                       /lib/x86_64-linux-gnu/libdl-2.24.so
7d9e8ed6d000-7d9e8ed6e000 r--p 00002000 00:28 1850                       /lib/x86_64-linux-gnu/libdl-2.24.so
7d9e8ed6e000-7d9e8ed6f000 rw-p 00003000 00:28 1850                       /lib/x86_64-linux-gnu/libdl-2.24.so
7d9e8ed6f000-7d9e8ed7c000 r-xp 00000000 00:28 190939                     /usr/lib/jvm/java-8-openjdk-amd64/jre/lib/amd64/jli/libjli.so
7d9e8ed7c000-7d9e8ef7c000 ---p 0000d000 00:28 190939                     /usr/lib/jvm/java-8-openjdk-amd64/jre/lib/amd64/jli/libjli.so
7d9e8ef7c000-7d9e8ef7d000 r--p 0000d000 00:28 190939                     /usr/lib/jvm/java-8-openjdk-amd64/jre/lib/amd64/jli/libjli.so
7d9e8ef7d000-7d9e8ef7e000 rw-p 0000e000 00:28 190939                     /usr/lib/jvm/java-8-openjdk-amd64/jre/lib/amd64/jli/libjli.so
7d9e8ef7e000-7d9e8ef97000 r-xp 00000000 00:28 1958                       /lib/x86_64-linux-gnu/libz.so.1.2.8
7d9e8ef97000-7d9e8f196000 ---p 00019000 00:28 1958                       /lib/x86_64-linux-gnu/libz.so.1.2.8
7d9e8f196000-7d9e8f197000 r--p 00018000 00:28 1958                       /lib/x86_64-linux-gnu/libz.so.1.2.8
7d9e8f197000-7d9e8f198000 rw-p 00019000 00:28 1958                       /lib/x86_64-linux-gnu/libz.so.1.2.8
7d9e8f198000-7d9e8f1b0000 r-xp 00000000 00:28 1923                       /lib/x86_64-linux-gnu/libpthread-2.24.so
7d9e8f1b0000-7d9e8f3af000 ---p 00018000 00:28 1923                       /lib/x86_64-linux-gnu/libpthread-2.24.so
7d9e8f3af000-7d9e8f3b0000 r--p 00017000 00:28 1923                       /lib/x86_64-linux-gnu/libpthread-2.24.so
7d9e8f3b0000-7d9e8f3b1000 rw-p 00018000 00:28 1923                       /lib/x86_64-linux-gnu/libpthread-2.24.so
7d9e8f3b1000-7d9e8f3b5000 rw-p 00000000 00:00 0 
7d9e8f3b5000-7d9e8f3d8000 r-xp 00000000 00:28 1809                       /lib/x86_64-linux-gnu/ld-2.24.so
7d9e8f3d8000-7d9e8f3d9000 r--s 00010000 00:28 190992                     /usr/lib/jvm/java-8-openjdk-amd64/jre/lib/ext/zipfs.jar
7d9e8f3d9000-7d9e8f409000 rw-p 00000000 00:00 0 
7d9e8f409000-7d9e8f4c3000 ---p 00000000 00:00 0 
7d9e8f4c3000-7d9e8f4c7000 ---p 00000000 00:00 0 
7d9e8f4c7000-7d9e8f5c8000 rw-p 00000000 00:00 0 
7d9e8f5c8000-7d9e8f5c9000 r--s 0000d000 00:28 190989                     /usr/lib/jvm/java-8-openjdk-amd64/jre/lib/ext/sunec.jar
7d9e8f5c9000-7d9e8f5ca000 r--s 0000a000 00:28 190986                     /usr/lib/jvm/java-8-openjdk-amd64/jre/lib/ext/jaccess.jar
7d9e8f5ca000-7d9e8f5cc000 r--s 00001000 00:28 190984                     /usr/lib/jvm/java-8-openjdk-amd64/jre/lib/ext/dnsns.jar
7d9e8f5cc000-7d9e8f5ce000 r--s 00007000 00:28 58299                      /usr/share/java/java-atk-wrapper.jar
7d9e8f5ce000-7d9e8f5d6000 rw-s 00000000 00:28 325514                     /tmp/hsperfdata_sgtmms/16701
7d9e8f5d6000-7d9e8f5d7000 rw-p 00000000 00:00 0 
7d9e8f5d7000-7d9e8f5d8000 ---p 00000000 00:00 0 
7d9e8f5d8000-7d9e8f5d9000 r--p 00023000 00:28 1809                       /lib/x86_64-linux-gnu/ld-2.24.so
7d9e8f5d9000-7d9e8f5da000 rw-p 00024000 00:28 1809                       /lib/x86_64-linux-gnu/ld-2.24.so
7d9e8f5da000-7d9e8f5db000 rw-p 00000000 00:00 0 
7ffc10de7000-7ffc10e0a000 rw-p 00000000 00:00 0                          [stack]
7ffc10ef0000-7ffc10ef3000 r--p 00000000 00:00 0                          [vvar]
7ffc10ef3000-7ffc10ef5000 r-xp 00000000 00:00 0                          [vdso]
ffffffffff600000-ffffffffff601000 r-xp 00000000 00:00 0                  [vsyscall]

VM Arguments:
jvm_args: -Xdebug -Xnoagent -Djava.compiler=NONE -Xrunjdwp:transport=dt_socket,address=localhost:44155,server=n,suspend=y -Dfile.encoding=UTF-8 
java_command: net.mims.minnlakes.MinnLakesApplication
java_class_path (initial): /home/sgtmms/IdeaProjects/MinnLakes/target/classes:/home/sgtmms/.m2/repository/org/springframework/boot/spring-boot-starter-data-rest/2.1.4.RELEASE/spring-boot-starter-data-rest-2.1.4.RELEASE.jar:/home/sgtmms/.m2/repository/org/springframework/boot/spring-boot-starter-web/2.1.4.RELEASE/spring-boot-starter-web-2.1.4.RELEASE.jar:/home/sgtmms/.m2/repository/org/springframework/boot/spring-boot-starter-json/2.1.4.RELEASE/spring-boot-starter-json-2.1.4.RELEASE.jar:/home/sgtmms/.m2/repository/com/fasterxml/jackson/datatype/jackson-datatype-jdk8/2.9.8/jackson-datatype-jdk8-2.9.8.jar:/home/sgtmms/.m2/repository/com/fasterxml/jackson/datatype/jackson-datatype-jsr310/2.9.8/jackson-datatype-jsr310-2.9.8.jar:/home/sgtmms/.m2/repository/com/fasterxml/jackson/module/jackson-module-parameter-names/2.9.8/jackson-module-parameter-names-2.9.8.jar:/home/sgtmms/.m2/repository/org/springframework/boot/spring-boot-starter-tomcat/2.1.4.RELEASE/spring-boot-starter-tomcat-2.1.4.RELEASE.jar:/home/sgtmms/.m2/repository/org/apache/tomcat/embed/tomcat-embed-core/9.0.17/tomcat-embed-core-9.0.17.jar:/home/sgtmms/.m2/repository/org/apache/tomcat/embed/tomcat-embed-el/9.0.17/tomcat-embed-el-9.0.17.jar:/home/sgtmms/.m2/repository/org/apache/tomcat/embed/tomcat-embed-websocket/9.0.17/tomcat-embed-websocket-9.0.17.jar:/home/sgtmms/.m2/repository/org/hibernate/validator/hibernate-validator/6.0.16.Final/hibernate-validator-6.0.16.Final.jar:/home/sgtmms/.m2/repository/javax/validation/validation-api/2.0.1.Final/validation-api-2.0.1.Final.jar:/home/sgtmms/.m2/repository/org/springframework/spring-webmvc/5.1.6.RELEASE/spring-webmvc-5.1.6.RELEASE.jar:/home/sgtmms/.m2/repository/org/springframework/spring-expression/5.1.6.RELEASE/spring-expression-5.1.6.RELEASE.jar:/home/sgtmms/.m2/repository/org/springframework/data/spring-data-rest-webmvc/3.1.6.RELEASE/spring-data-rest-webmvc-3.1.6.RELEASE.jar:/home/sgtmms/.m2/repository/org/springframework/data/spring-data-rest-core/3.1.6.RELE
Launcher Type: SUN_STANDARD

Environment Variables:
PATH=/usr/local/bin:/usr/bin:/bin:/usr/local/games:/usr/games:/snap/bin
SHELL=/bin/bash
DISPLAY=:0

Signal Handlers:
SIGSEGV: [libjvm.so+0xa7fff0], sa_mask[0]=11111111011111111101111111111110, sa_flags=SA_RESTART|SA_SIGINFO
SIGBUS: [libjvm.so+0xa7fff0], sa_mask[0]=11111111011111111101111111111110, sa_flags=SA_RESTART|SA_SIGINFO
SIGFPE: [libjvm.so+0x8c89a0], sa_mask[0]=11111111011111111101111111111110, sa_flags=SA_RESTART|SA_SIGINFO
SIGPIPE: [libjvm.so+0x8c89a0], sa_mask[0]=11111111011111111101111111111110, sa_flags=SA_RESTART|SA_SIGINFO
SIGXFSZ: [libjvm.so+0x8c89a0], sa_mask[0]=11111111011111111101111111111110, sa_flags=SA_RESTART|SA_SIGINFO
SIGILL: [libjvm.so+0x8c89a0], sa_mask[0]=11111111011111111101111111111110, sa_flags=SA_RESTART|SA_SIGINFO
SIGUSR1: SIG_DFL, sa_mask[0]=00000000000000000000000000000000, sa_flags=none
SIGUSR2: [libjvm.so+0x8c8850], sa_mask[0]=00100000000000000000000000000000, sa_flags=SA_RESTART|SA_SIGINFO
SIGHUP: [libjvm.so+0x8c8ec0], sa_mask[0]=11111111011111111101111111111110, sa_flags=SA_RESTART|SA_SIGINFO
SIGINT: [libjvm.so+0x8c8ec0], sa_mask[0]=11111111011111111101111111111110, sa_flags=SA_RESTART|SA_SIGINFO
SIGTERM: [libjvm.so+0x8c8ec0], sa_mask[0]=11111111011111111101111111111110, sa_flags=SA_RESTART|SA_SIGINFO
SIGQUIT: [libjvm.so+0x8c8ec0], sa_mask[0]=11111111011111111101111111111110, sa_flags=SA_RESTART|SA_SIGINFO


---------------  S Y S T E M  ---------------

OS:PRETTY_NAME="Debian GNU/Linux 9 (stretch)"
NAME="Debian GNU/Linux"
VERSION_ID="9"
VERSION="9 (stretch)"
VERSION_CODENAME=stretch
ID=debian
HOME_URL="https://www.debian.org/"
SUPPORT_URL="https://www.debian.org/support"
BUG_REPORT_URL="https://bugs.debian.org/"

uname:Linux 4.19.87-07826-g55ab70aff690 #1 SMP PREEMPT Tue Feb 4 17:29:42 PST 2020 x86_64
libc:glibc 2.24 NPTL 2.24 
rlimit: STACK 8192k, CORE 0k, NPROC 11159, NOFILE 1048576, AS infinity
load average:10.60 6.04 3.34

/proc/meminfo:
MemTotal:        2861492 kB
MemFree:           65384 kB
MemAvailable:      10712 kB
Buffers:             148 kB
Cached:            77140 kB
SwapCached:            0 kB
Active:          2500356 kB
Inactive:          53544 kB
Active(anon):    2492908 kB
Inactive(anon):    29192 kB
Active(file):       7448 kB
Inactive(file):    24352 kB
Unevictable:           0 kB
Mlocked:               0 kB
SwapTotal:             0 kB
SwapFree:              0 kB
Dirty:               288 kB
Writeback:             0 kB
AnonPages:       2477072 kB
Mapped:             7044 kB
Shmem:             45028 kB
Slab:              59164 kB
SReclaimable:      16176 kB
SUnreclaim:        42988 kB
KernelStack:        7472 kB
PageTables:        24592 kB
NFS_Unstable:          0 kB
Bounce:                0 kB
WritebackTmp:          0 kB
CommitLimit:     1430744 kB
Committed_AS:    5297140 kB
VmallocTotal:   34359738367 kB
VmallocUsed:           0 kB
VmallocChunk:          0 kB
Percpu:              976 kB
AnonHugePages:         0 kB
ShmemHugePages:        0 kB
ShmemPmdMapped:        0 kB
HugePages_Total:       0
HugePages_Free:        0
HugePages_Rsvd:        0
HugePages_Surp:        0
Hugepagesize:       2048 kB
Hugetlb:               0 kB
DirectMap4k:       54272 kB
DirectMap2M:     3143680 kB
DirectMap1G:           0 kB

container (cgroup) information:
container_type: cgroupv1
cpu_cpuset_cpus: 0-3
cpu_memory_nodes: 0
active_processor_count: 4
cpu_quota: -1
cpu_period: 100000
cpu_shares: -1
memory_limit_in_bytes: -1
memory_and_swap_limit_in_bytes: -2
memory_soft_limit_in_bytes: -1
memory_usage_in_bytes: 2627551232
memory_max_usage_in_bytes: 2636558336


CPU:total 4 (initial active 4) (4 cores per cpu, 1 threads per core) family 6 model 92 stepping 9, cmov, cx8, fxsr, mmx, sse, sse2, sse3, ssse3, sse4.1, sse4.2, popcnt, aes, clmul, erms, 3dnowpref, tsc, tscinvbit

/proc/cpuinfo:
processor	: 0
vendor_id	: GenuineIntel
cpu family	: 6
model		: 92
model name	: 06/5c
stepping	: 9
microcode	: 0x1
cpu MHz		: 1094.426
cache size	: 1024 KB
physical id	: 0
siblings	: 4
core id		: 2
cpu cores	: 4
apicid		: 4
initial apicid	: 4
fpu		: yes
fpu_exception	: yes
cpuid level	: 13
wp		: yes
flags		: fpu vme de pse tsc msr pae mce cx8 apic sep mtrr pge mca cmov pat pse36 clflush mmx fxsr sse sse2 ss ht syscall nx pdpe1gb rdtscp lm constant_tsc arch_perfmon rep_good nopl xtopology nonstop_tsc cpuid tsc_known_freq pni pclmulqdq ssse3 cx16 sse4_1 sse4_2 x2apic movbe popcnt aes xsave rdrand hypervisor lahf_lm 3dnowprefetch ibrs ibpb stibp fsgsbase tsc_adjust smep erms mpx rdseed smap clflushopt xsaveopt xsavec xgetbv1 arat md_clear arch_capabilities
bugs		: spectre_v1 spectre_v2
bogomips	: 2188.85
clflush size	: 64
cache_alignment	: 64
address sizes	: 39 bits physical, 48 bits virtual
power management:

processor	: 1
vendor_id	: GenuineIntel
cpu family	: 6
model		: 92
model name	: 06/5c
stepping	: 9
microcode	: 0x1
cpu MHz		: 1094.426
cache size	: 1024 KB
physical id	: 0
siblings	: 4
core id		: 2
cpu cores	: 4
apicid		: 4
initial apicid	: 4
fpu		: yes
fpu_exception	: yes
cpuid level	: 13
wp		: yes
flags		: fpu vme de pse tsc msr pae mce cx8 apic sep mtrr pge mca cmov pat pse36 clflush mmx fxsr sse sse2 ss ht syscall nx pdpe1gb rdtscp lm constant_tsc arch_perfmon rep_good nopl xtopology nonstop_tsc cpuid tsc_known_freq pni pclmulqdq ssse3 cx16 sse4_1 sse4_2 x2apic movbe popcnt aes xsave rdrand hypervisor lahf_lm 3dnowprefetch ibrs ibpb stibp fsgsbase tsc_adjust smep erms mpx rdseed smap clflushopt xsaveopt xsavec xgetbv1 arat md_clear arch_capabilities
bugs		: spectre_v1 spectre_v2
bogomips	: 2188.85
clflush size	: 64
cache_alignment	: 64
address sizes	: 39 bits physical, 48 bits virtual
power management:

processor	: 2
vendor_id	: GenuineIntel
cpu family	: 6
model		: 92
model name	: 06/5c
stepping	: 9
microcode	: 0x1
cpu MHz		: 1094.426
cache size	: 1024 KB
physical id	: 0
siblings	: 4
core id		: 2
cpu cores	: 4
apicid		: 4
initial apicid	: 4
fpu		: yes
fpu_exception	: yes
cpuid level	: 13
wp		: yes
flags		: fpu vme de pse tsc msr pae mce cx8 apic sep mtrr pge mca cmov pat pse36 clflush mmx fxsr sse sse2 ss ht syscall nx pdpe1gb rdtscp lm constant_tsc arch_perfmon rep_good nopl xtopology nonstop_tsc cpuid tsc_known_freq pni pclmulqdq ssse3 cx16 sse4_1 sse4_2 x2apic movbe popcnt aes xsave rdrand hypervisor lahf_lm 3dnowprefetch ibrs ibpb stibp fsgsbase tsc_adjust smep erms mpx rdseed smap clflushopt xsaveopt xsavec xgetbv1 arat md_clear arch_capabilities
bugs		: spectre_v1 spectre_v2
bogomips	: 2188.85
clflush size	: 64
cache_alignment	: 64
address sizes	: 39 bits physical, 48 bits virtual
power management:

processor	: 3
vendor_id	: GenuineIntel
cpu family	: 6
model		: 92
model name	: 06/5c
stepping	: 9
microcode	: 0x1
cpu MHz		: 1094.426
cache size	: 1024 KB
physical id	: 0
siblings	: 4
core id		: 2
cpu cores	: 4
apicid		: 4
initial apicid	: 4
fpu		: yes
fpu_exception	: yes
cpuid level	: 13
wp		: yes
flags		: fpu vme de pse tsc msr pae mce cx8 apic sep mtrr pge mca cmov pat pse36 clflush mmx fxsr sse sse2 ss ht syscall nx pdpe1gb rdtscp lm constant_tsc arch_perfmon rep_good nopl xtopology nonstop_tsc cpuid tsc_known_freq pni pclmulqdq ssse3 cx16 sse4_1 sse4_2 x2apic movbe popcnt aes xsave rdrand hypervisor lahf_lm 3dnowprefetch ibrs ibpb stibp fsgsbase tsc_adjust smep erms mpx rdseed smap clflushopt xsaveopt xsavec xgetbv1 arat md_clear arch_capabilities
bugs		: spectre_v1 spectre_v2
bogomips	: 2188.85
clflush size	: 64
cache_alignment	: 64
address sizes	: 39 bits physical, 48 bits virtual
power management:



Memory: 4k page, physical 2861492k(67232k free), swap 0k(0k free)

vm_info: OpenJDK 64-Bit Server VM (25.242-b08) for linux-amd64 JRE (1.8.0_242-8u242-b08-1~deb9u1-b08), built on Feb 10 2020 12:38:09 by "pbuilder" with gcc 6.3.0 20170516

time: Wed Mar 25 19:37:48 2020
timezone: CDT
elapsed time: 166 seconds (0d 0h 2m 46s)

