#
# There is insufficient memory for the Java Runtime Environment to continue.
# Native memory allocation (mmap) failed to map 69206016 bytes for committing reserved memory.
# Possible reasons:
#   The system is out of physical RAM or swap space
#   The process is running with CompressedOops enabled, and the Java Heap may be blocking the growth of the native heap
# Possible solutions:
#   Reduce memory load on the system
#   Increase physical memory or swap space
#   Check if swap backing store is full
#   Decrease Java heap size (-Xmx/-Xms)
#   Decrease number of Java threads
#   Decrease Java thread stack sizes (-Xss)
#   Set larger code cache with -XX:ReservedCodeCacheSize=
#   JVM is running with Unscaled Compressed Oops mode in which the Java heap is
#     placed in the first 4GB address space. The Java Heap base address is the
#     maximum limit for the native heap growth. Please use -XX:HeapBaseMinAddress
#     to set the Java Heap base and to place the Java Heap above 4GB virtual address.
# This output file may be truncated or incomplete.
#
#  Out of Memory Error (os_linux.cpp:2757), pid=17071, tid=0x00007aaa139f9700
#
# JRE version: OpenJDK Runtime Environment (8.0_242-b08) (build 1.8.0_242-8u242-b08-1~deb9u1-b08)
# Java VM: OpenJDK 64-Bit Server VM (25.242-b08 mixed mode linux-amd64 compressed oops)
# Failed to write core dump. Core dumps have been disabled. To enable core dumping, try "ulimit -c unlimited" before starting Java again
#

---------------  T H R E A D  ---------------

Current thread (0x00007aaa2807e800):  VMThread [stack: 0x00007aaa138fa000,0x00007aaa139fa000] [id=17078]

Stack: [0x00007aaa138fa000,0x00007aaa139fa000],  sp=0x00007aaa139f84b0,  free space=1017k
Native frames: (J=compiled Java code, j=interpreted, Vv=VM code, C=native code)
V  [libjvm.so+0xa7f540]
V  [libjvm.so+0x4cd76c]
V  [libjvm.so+0x8cd738]
V  [libjvm.so+0x8c4a3e]
V  [libjvm.so+0x942c5e]
V  [libjvm.so+0x93224a]
V  [libjvm.so+0x93242b]
V  [libjvm.so+0x932f03]
V  [libjvm.so+0x93901e]
V  [libjvm.so+0x940a8d]
V  [libjvm.so+0x8f2183]
V  [libjvm.so+0xa81292]
V  [libjvm.so+0xa863e7]
V  [libjvm.so+0xa83be7]
V  [libjvm.so+0xa84ec6]
V  [libjvm.so+0xa853f2]
V  [libjvm.so+0x8cab22]

VM_Operation (0x00007aaa3224a2a0): ParallelGCFailedAllocation, mode: safepoint, requested by thread 0x00007aaa28011000


---------------  P R O C E S S  ---------------

Java Threads: ( => current thread )
  0x00007aaa2a4f5800 JavaThread "http-nio-8420-Acceptor-0" daemon [_thread_in_native, id=17139, stack(0x00007aa9bb3d2000,0x00007aa9bb4d3000)]
  0x00007aaa2a4f3000 JavaThread "http-nio-8420-ClientPoller-1" daemon [_thread_in_native, id=17138, stack(0x00007aa9bbbfc000,0x00007aa9bbcfd000)]
  0x00007aaa2a4d9000 JavaThread "http-nio-8420-ClientPoller-0" daemon [_thread_in_native, id=17137, stack(0x00007aa9bbcfd000,0x00007aa9bbdfe000)]
  0x00007aaa2a4bd000 JavaThread "http-nio-8420-exec-10" daemon [_thread_blocked, id=17136, stack(0x00007aa9bbdfe000,0x00007aa9bbeff000)]
  0x00007aaa2a4bb000 JavaThread "http-nio-8420-exec-9" daemon [_thread_blocked, id=17135, stack(0x00007aa9bbeff000,0x00007aa9bc000000)]
  0x00007aaa2a4b9000 JavaThread "http-nio-8420-exec-8" daemon [_thread_blocked, id=17134, stack(0x00007aa9bb4d3000,0x00007aa9bb5d4000)]
  0x00007aaa2a4b7000 JavaThread "http-nio-8420-exec-7" daemon [_thread_blocked, id=17133, stack(0x00007aa9bb5d4000,0x00007aa9bb6d5000)]
  0x00007aaa2a4b5000 JavaThread "http-nio-8420-exec-6" daemon [_thread_blocked, id=17132, stack(0x00007aa9bb6d5000,0x00007aa9bb7d6000)]
  0x00007aaa2a4b3000 JavaThread "http-nio-8420-exec-5" daemon [_thread_blocked, id=17131, stack(0x00007aa9bb7d6000,0x00007aa9bb8d7000)]
  0x00007aaa2a4b1000 JavaThread "http-nio-8420-exec-4" daemon [_thread_blocked, id=17130, stack(0x00007aa9bb8d7000,0x00007aa9bb9d8000)]
  0x00007aaa2a4af000 JavaThread "http-nio-8420-exec-3" daemon [_thread_blocked, id=17129, stack(0x00007aa9bb9d8000,0x00007aa9bbad9000)]
  0x00007aaa2a4ad800 JavaThread "http-nio-8420-exec-2" daemon [_thread_blocked, id=17128, stack(0x00007aa9bbad9000,0x00007aa9bbbda000)]
  0x00007aaa2a4ad000 JavaThread "http-nio-8420-exec-1" daemon [_thread_blocked, id=17127, stack(0x00007aa9d40fe000,0x00007aa9d41ff000)]
  0x00007aaa2a4a9800 JavaThread "NioBlockingSelector.BlockPoller-1" daemon [_thread_in_native, id=17126, stack(0x00007aaa100e0000,0x00007aaa101e1000)]
  0x00007aaa282db800 JavaThread "HikariPool-1 housekeeper" daemon [_thread_blocked, id=17122, stack(0x00007aaa103e1000,0x00007aaa104e2000)]
  0x00007aaa297e1800 JavaThread "container-0" [_thread_blocked, id=17121, stack(0x00007aaa108e2000,0x00007aaa109e3000)]
  0x00007aaa297de800 JavaThread "Catalina-utility-2" [_thread_blocked, id=17120, stack(0x00007aaa11647000,0x00007aaa11748000)]
  0x00007aaa297d3800 JavaThread "Catalina-utility-1" [_thread_blocked, id=17119, stack(0x00007aaa12352000,0x00007aaa12453000)]
  0x00007aaa280d8000 JavaThread "Service Thread" daemon [_thread_blocked, id=17095, stack(0x00007aaa12cea000,0x00007aaa12deb000)]
  0x00007aaa280d4800 JavaThread "C1 CompilerThread2" daemon [_thread_blocked, id=17094, stack(0x00007aaa12dec000,0x00007aaa12eec000)]
  0x00007aaa280d3000 JavaThread "C2 CompilerThread1" daemon [_thread_blocked, id=17093, stack(0x00007aaa12eed000,0x00007aaa12fed000)]
  0x00007aaa280d0000 JavaThread "C2 CompilerThread0" daemon [_thread_blocked, id=17092, stack(0x00007aaa12fee000,0x00007aaa130ee000)]
  0x00007aa9f4001000 JavaThread "JDWP Command Reader" daemon [_thread_in_native, id=17085, stack(0x00007aaa130ee000,0x00007aaa131ef000)]
  0x00007aaa280ce000 JavaThread "JDWP Event Helper Thread" daemon [_thread_blocked, id=17084, stack(0x00007aaa131ef000,0x00007aaa132f0000)]
  0x00007aaa280ca800 JavaThread "JDWP Transport Listener: dt_socket" daemon [_thread_blocked, id=17083, stack(0x00007aaa132f0000,0x00007aaa133f1000)]
  0x00007aaa280bc800 JavaThread "Signal Dispatcher" daemon [_thread_blocked, id=17081, stack(0x00007aaa135f6000,0x00007aaa136f7000)]
  0x00007aaa2808c800 JavaThread "Finalizer" daemon [_thread_blocked, id=17080, stack(0x00007aaa136f7000,0x00007aaa137f8000)]
  0x00007aaa28088000 JavaThread "Reference Handler" daemon [_thread_blocked, id=17079, stack(0x00007aaa137f8000,0x00007aaa138f9000)]
  0x00007aaa28011000 JavaThread "main" [_thread_blocked, id=17073, stack(0x00007aaa3214c000,0x00007aaa3224c000)]

Other Threads:
=>0x00007aaa2807e800 VMThread [stack: 0x00007aaa138fa000,0x00007aaa139fa000] [id=17078]
  0x00007aaa280da800 WatcherThread [stack: 0x00007aaa12bea000,0x00007aaa12cea000] [id=17096]

VM state:at safepoint (normal execution)

VM Mutex/Monitor currently owned by a thread:  ([mutex/lock_event])
[0x00007aaa2800cbe0] ExpandHeap_lock - owner thread: 0x00007aaa2807e800
[0x00007aaa2800d260] Threads_lock - owner thread: 0x00007aaa2807e800
[0x00007aaa2800d760] Heap_lock - owner thread: 0x00007aaa28011000

heap address: 0x00000000d4400000, size: 700 MB, Compressed Oops mode: 32-bit
Narrow klass base: 0x0000000000000000, Narrow klass shift: 3
Compressed class space size: 1073741824 Address: 0x0000000100000000

Heap:
 PSYoungGen      total 215552K, used 0K [0x00000000f1700000, 0x00000000fff80000, 0x0000000100000000)
  eden space 192512K, 0% used [0x00000000f1700000,0x00000000f1700000,0x00000000fd300000)
  from space 23040K, 0% used [0x00000000fd300000,0x00000000fd300000,0x00000000fe980000)
  to   space 22528K, 0% used [0x00000000fe980000,0x00000000fe980000,0x00000000fff80000)
 ParOldGen       total 315392K, used 299008K [0x00000000d4400000, 0x00000000e7800000, 0x00000000f1700000)
  object space 315392K, 94% used [0x00000000d4400000,0x00000000e6800388,0x00000000e7800000)
 Metaspace       used 63897K, capacity 66098K, committed 66264K, reserved 1107968K
  class space    used 8194K, capacity 8609K, committed 8704K, reserved 1048576K

Card table byte_map: [0x00007aaa2e0d8000,0x00007aaa2e237000] byte_map_base: 0x00007aaa2da36000

Marking Bits: (ParMarkBitMap*) 0x00007aaa314375c0
 Begin Bits: [0x00007aaa2c6f4000, 0x00007aaa2d1e4000)
 End Bits:   [0x00007aaa2d1e4000, 0x00007aaa2dcd4000)

Polling page: 0x00007aaa3225f000

CodeCache: size=245760Kb used=20600Kb max_used=20649Kb free=225159Kb
 bounds [0x00007aaa19000000, 0x00007aaa1a450000, 0x00007aaa28000000]
 total_blobs=6143 nmethods=5561 adapters=505
 compilation: enabled

Compilation events (10 events):
Event: 121.562 Thread 0x00007aaa280d4800 nmethod 6799 0x00007aaa1a407c50 code [0x00007aaa1a407de0, 0x00007aaa1a408018]
Event: 121.846 Thread 0x00007aaa280d0000 nmethod 6673 0x00007aaa1a4219d0 code [0x00007aaa1a4226e0, 0x00007aaa1a42db28]
Event: 124.225 Thread 0x00007aaa280d4800 6800       3       sun.nio.ch.SelectorImpl::select (34 bytes)
Event: 124.226 Thread 0x00007aaa280d4800 nmethod 6800 0x00007aaa1a412590 code [0x00007aaa1a412720, 0x00007aaa1a412a38]
Event: 124.227 Thread 0x00007aaa280d4800 6801   !   3       sun.nio.ch.SelectorImpl::lockAndDoSelect (72 bytes)
Event: 124.228 Thread 0x00007aaa280d4800 nmethod 6801 0x00007aaa1a411410 code [0x00007aaa1a4115e0, 0x00007aaa1a412018]
Event: 125.637 Thread 0x00007aaa280d4800 6802       3       java.nio.channels.spi.AbstractSelector::end (5 bytes)
Event: 125.638 Thread 0x00007aaa280d4800 nmethod 6802 0x00007aaa1a420fd0 code [0x00007aaa1a421160, 0x00007aaa1a4216f0]
Event: 125.639 Thread 0x00007aaa280d4800 6803       3       sun.nio.ch.EPollSelectorImpl::updateSelectedKeys (150 bytes)
Event: 125.642 Thread 0x00007aaa280d4800 nmethod 6803 0x00007aaa1a41f1d0 code [0x00007aaa1a41f460, 0x00007aaa1a420508]

GC Heap History (10 events):
Event: 127.281 GC heap after
Heap after GC invocations=57 (full 8):
 PSYoungGen      total 211456K, used 17132K [0x00000000f1700000, 0x0000000100000000, 0x0000000100000000)
  eden space 194048K, 0% used [0x00000000f1700000,0x00000000f1700000,0x00000000fd480000)
  from space 17408K, 98% used [0x00000000fd480000,0x00000000fe53b190,0x00000000fe580000)
  to   space 23040K, 0% used [0x00000000fe980000,0x00000000fe980000,0x0000000100000000)
 ParOldGen       total 315392K, used 264635K [0x00000000d4400000, 0x00000000e7800000, 0x00000000f1700000)
  object space 315392K, 83% used [0x00000000d4400000,0x00000000e466ef20,0x00000000e7800000)
 Metaspace       used 63897K, capacity 66098K, committed 66264K, reserved 1107968K
  class space    used 8194K, capacity 8609K, committed 8704K, reserved 1048576K
}
Event: 127.494 GC heap before
{Heap before GC invocations=58 (full 8):
 PSYoungGen      total 211456K, used 210864K [0x00000000f1700000, 0x0000000100000000, 0x0000000100000000)
  eden space 194048K, 99% used [0x00000000f1700000,0x00000000fd431248,0x00000000fd480000)
  from space 17408K, 98% used [0x00000000fd480000,0x00000000fe53b190,0x00000000fe580000)
  to   space 23040K, 0% used [0x00000000fe980000,0x00000000fe980000,0x0000000100000000)
 ParOldGen       total 315392K, used 264635K [0x00000000d4400000, 0x00000000e7800000, 0x00000000f1700000)
  object space 315392K, 83% used [0x00000000d4400000,0x00000000e466ef20,0x00000000e7800000)
 Metaspace       used 63897K, capacity 66098K, committed 66264K, reserved 1107968K
  class space    used 8194K, capacity 8609K, committed 8704K, reserved 1048576K
Event: 127.582 GC heap after
Heap after GC invocations=58 (full 8):
 PSYoungGen      total 216064K, used 7478K [0x00000000f1700000, 0x0000000100000000, 0x0000000100000000)
  eden space 193024K, 0% used [0x00000000f1700000,0x00000000f1700000,0x00000000fd380000)
  from space 23040K, 32% used [0x00000000fe980000,0x00000000ff0cda50,0x0000000100000000)
  to   space 22528K, 0% used [0x00000000fd380000,0x00000000fd380000,0x00000000fe980000)
 ParOldGen       total 315392K, used 281005K [0x00000000d4400000, 0x00000000e7800000, 0x00000000f1700000)
  object space 315392K, 89% used [0x00000000d4400000,0x00000000e566b6f0,0x00000000e7800000)
 Metaspace       used 63897K, capacity 66098K, committed 66264K, reserved 1107968K
  class space    used 8194K, capacity 8609K, committed 8704K, reserved 1048576K
}
Event: 127.719 GC heap before
{Heap before GC invocations=59 (full 8):
 PSYoungGen      total 216064K, used 199956K [0x00000000f1700000, 0x0000000100000000, 0x0000000100000000)
  eden space 193024K, 99% used [0x00000000f1700000,0x00000000fd2f76b8,0x00000000fd380000)
  from space 23040K, 32% used [0x00000000fe980000,0x00000000ff0cda50,0x0000000100000000)
  to   space 22528K, 0% used [0x00000000fd380000,0x00000000fd380000,0x00000000fe980000)
 ParOldGen       total 315392K, used 281005K [0x00000000d4400000, 0x00000000e7800000, 0x00000000f1700000)
  object space 315392K, 89% used [0x00000000d4400000,0x00000000e566b6f0,0x00000000e7800000)
 Metaspace       used 63897K, capacity 66098K, committed 66264K, reserved 1107968K
  class space    used 8194K, capacity 8609K, committed 8704K, reserved 1048576K
Event: 127.750 GC heap after
Heap after GC invocations=59 (full 8):
 PSYoungGen      total 215552K, used 5325K [0x00000000f1700000, 0x00000000fff80000, 0x0000000100000000)
  eden space 193024K, 0% used [0x00000000f1700000,0x00000000f1700000,0x00000000fd380000)
  from space 22528K, 23% used [0x00000000fd380000,0x00000000fd8b35d0,0x00000000fe980000)
  to   space 22528K, 0% used [0x00000000fe980000,0x00000000fe980000,0x00000000fff80000)
 ParOldGen       total 315392K, used 288017K [0x00000000d4400000, 0x00000000e7800000, 0x00000000f1700000)
  object space 315392K, 91% used [0x00000000d4400000,0x00000000e5d44638,0x00000000e7800000)
 Metaspace       used 63897K, capacity 66098K, committed 66264K, reserved 1107968K
  class space    used 8194K, capacity 8609K, committed 8704K, reserved 1048576K
}
Event: 127.853 GC heap before
{Heap before GC invocations=60 (full 8):
 PSYoungGen      total 215552K, used 198349K [0x00000000f1700000, 0x00000000fff80000, 0x0000000100000000)
  eden space 193024K, 100% used [0x00000000f1700000,0x00000000fd380000,0x00000000fd380000)
  from space 22528K, 23% used [0x00000000fd380000,0x00000000fd8b35d0,0x00000000fe980000)
  to   space 22528K, 0% used [0x00000000fe980000,0x00000000fe980000,0x00000000fff80000)
 ParOldGen       total 315392K, used 288017K [0x00000000d4400000, 0x00000000e7800000, 0x00000000f1700000)
  object space 315392K, 91% used [0x00000000d4400000,0x00000000e5d44638,0x00000000e7800000)
 Metaspace       used 63897K, capacity 66098K, committed 66264K, reserved 1107968K
  class space    used 8194K, capacity 8609K, committed 8704K, reserved 1048576K
Event: 127.897 GC heap after
Heap after GC invocations=60 (full 8):
 PSYoungGen      total 215040K, used 3472K [0x00000000f1700000, 0x0000000100000000, 0x0000000100000000)
  eden space 192512K, 0% used [0x00000000f1700000,0x00000000f1700000,0x00000000fd300000)
  from space 22528K, 15% used [0x00000000fe980000,0x00000000fece4130,0x00000000fff80000)
  to   space 23040K, 0% used [0x00000000fd300000,0x00000000fd300000,0x00000000fe980000)
 ParOldGen       total 315392K, used 292526K [0x00000000d4400000, 0x00000000e7800000, 0x00000000f1700000)
  object space 315392K, 92% used [0x00000000d4400000,0x00000000e61abb38,0x00000000e7800000)
 Metaspace       used 63897K, capacity 66098K, committed 66264K, reserved 1107968K
  class space    used 8194K, capacity 8609K, committed 8704K, reserved 1048576K
}
Event: 128.001 GC heap before
{Heap before GC invocations=61 (full 8):
 PSYoungGen      total 215040K, used 195803K [0x00000000f1700000, 0x0000000100000000, 0x0000000100000000)
  eden space 192512K, 99% used [0x00000000f1700000,0x00000000fd2d2e40,0x00000000fd300000)
  from space 22528K, 15% used [0x00000000fe980000,0x00000000fece4130,0x00000000fff80000)
  to   space 23040K, 0% used [0x00000000fd300000,0x00000000fd300000,0x00000000fe980000)
 ParOldGen       total 315392K, used 292526K [0x00000000d4400000, 0x00000000e7800000, 0x00000000f1700000)
  object space 315392K, 92% used [0x00000000d4400000,0x00000000e61abb38,0x00000000e7800000)
 Metaspace       used 63897K, capacity 66098K, committed 66264K, reserved 1107968K
  class space    used 8194K, capacity 8609K, committed 8704K, reserved 1048576K
Event: 128.019 GC heap after
Heap after GC invocations=61 (full 8):
 PSYoungGen      total 215552K, used 4739K [0x00000000f1700000, 0x00000000fff80000, 0x0000000100000000)
  eden space 192512K, 0% used [0x00000000f1700000,0x00000000f1700000,0x00000000fd300000)
  from space 23040K, 20% used [0x00000000fd300000,0x00000000fd7a0d50,0x00000000fe980000)
  to   space 22528K, 0% used [0x00000000fe980000,0x00000000fe980000,0x00000000fff80000)
 ParOldGen       total 315392K, used 295569K [0x00000000d4400000, 0x00000000e7800000, 0x00000000f1700000)
  object space 315392K, 93% used [0x00000000d4400000,0x00000000e64a46b0,0x00000000e7800000)
 Metaspace       used 63897K, capacity 66098K, committed 66264K, reserved 1107968K
  class space    used 8194K, capacity 8609K, committed 8704K, reserved 1048576K
}
Event: 128.019 GC heap before
{Heap before GC invocations=62 (full 9):
 PSYoungGen      total 215552K, used 4739K [0x00000000f1700000, 0x00000000fff80000, 0x0000000100000000)
  eden space 192512K, 0% used [0x00000000f1700000,0x00000000f1700000,0x00000000fd300000)
  from space 23040K, 20% used [0x00000000fd300000,0x00000000fd7a0d50,0x00000000fe980000)
  to   space 22528K, 0% used [0x00000000fe980000,0x00000000fe980000,0x00000000fff80000)
 ParOldGen       total 315392K, used 295569K [0x00000000d4400000, 0x00000000e7800000, 0x00000000f1700000)
  object space 315392K, 93% used [0x00000000d4400000,0x00000000e64a46b0,0x00000000e7800000)
 Metaspace       used 63897K, capacity 66098K, committed 66264K, reserved 1107968K
  class space    used 8194K, capacity 8609K, committed 8704K, reserved 1048576K

Deoptimization events (10 events):
Event: 118.137 Thread 0x00007aaa28011000 Uncommon trap: reason=unstable_if action=reinterpret pc=0x00007aaa19aa2f18 method=java.util.jar.Manifest.getTrustedAttributes(Ljava/lang/String;)Ljava/util/jar/Attributes; @ 7
Event: 118.566 Thread 0x00007aaa28011000 Uncommon trap: reason=unstable_if action=reinterpret pc=0x00007aaa1a27d45c method=java.net.URI$Parser.scan(IILjava/lang/String;Ljava/lang/String;)I @ 23
Event: 119.279 Thread 0x00007aaa28011000 Uncommon trap: reason=bimorphic action=maybe_recompile pc=0x00007aaa19310014 method=java.io.DataInputStream.readInt()I @ 4
Event: 119.282 Thread 0x00007aaa28011000 Uncommon trap: reason=class_check action=maybe_recompile pc=0x00007aaa1a089114 method=java.io.DataInputStream.readUnsignedShort()I @ 4
Event: 119.283 Thread 0x00007aaa28011000 Uncommon trap: reason=class_check action=maybe_recompile pc=0x00007aaa1a089114 method=java.io.DataInputStream.readUnsignedShort()I @ 4
Event: 119.283 Thread 0x00007aaa28011000 Uncommon trap: reason=class_check action=maybe_recompile pc=0x00007aaa1a089114 method=java.io.DataInputStream.readUnsignedShort()I @ 4
Event: 119.283 Thread 0x00007aaa28011000 Uncommon trap: reason=class_check action=maybe_recompile pc=0x00007aaa1a089114 method=java.io.DataInputStream.readUnsignedShort()I @ 4
Event: 119.397 Thread 0x00007aaa28011000 Uncommon trap: reason=bimorphic action=maybe_recompile pc=0x00007aaa19310014 method=java.io.DataInputStream.readInt()I @ 4
Event: 119.403 Thread 0x00007aaa28011000 Uncommon trap: reason=bimorphic action=maybe_recompile pc=0x00007aaa19310014 method=java.io.DataInputStream.readInt()I @ 4
Event: 119.405 Thread 0x00007aaa28011000 Uncommon trap: reason=bimorphic action=maybe_recompile pc=0x00007aaa19310014 method=java.io.DataInputStream.readInt()I @ 4

Classes redefined (0 events):
No events

Internal exceptions (10 events):
Event: 119.193 Thread 0x00007aaa28011000 Exception <a 'java/security/PrivilegedActionException'> (0x00000000f2c3f0f8) thrown at [/build/openjdk-8-8u242-b08/src/hotspot/src/share/vm/prims/jvm.cpp, line 1502]
Event: 119.193 Thread 0x00007aaa28011000 Exception <a 'java/security/PrivilegedActionException'> (0x00000000f2c3f4f0) thrown at [/build/openjdk-8-8u242-b08/src/hotspot/src/share/vm/prims/jvm.cpp, line 1502]
Event: 119.197 Thread 0x00007aaa28011000 Exception <a 'java/security/PrivilegedActionException'> (0x00000000f2c5a318) thrown at [/build/openjdk-8-8u242-b08/src/hotspot/src/share/vm/prims/jvm.cpp, line 1502]
Event: 119.197 Thread 0x00007aaa28011000 Exception <a 'java/security/PrivilegedActionException'> (0x00000000f2c5a710) thrown at [/build/openjdk-8-8u242-b08/src/hotspot/src/share/vm/prims/jvm.cpp, line 1502]
Event: 119.198 Thread 0x00007aaa28011000 Exception <a 'java/security/PrivilegedActionException'> (0x00000000f2c64958) thrown at [/build/openjdk-8-8u242-b08/src/hotspot/src/share/vm/prims/jvm.cpp, line 1502]
Event: 119.198 Thread 0x00007aaa28011000 Exception <a 'java/security/PrivilegedActionException'> (0x00000000f2c64d50) thrown at [/build/openjdk-8-8u242-b08/src/hotspot/src/share/vm/prims/jvm.cpp, line 1502]
Event: 119.199 Thread 0x00007aaa28011000 Exception <a 'java/security/PrivilegedActionException'> (0x00000000f2c6efc0) thrown at [/build/openjdk-8-8u242-b08/src/hotspot/src/share/vm/prims/jvm.cpp, line 1502]
Event: 119.200 Thread 0x00007aaa28011000 Exception <a 'java/security/PrivilegedActionException'> (0x00000000f2c6f3b8) thrown at [/build/openjdk-8-8u242-b08/src/hotspot/src/share/vm/prims/jvm.cpp, line 1502]
Event: 119.200 Thread 0x00007aaa28011000 Exception <a 'java/security/PrivilegedActionException'> (0x00000000f2c79bb0) thrown at [/build/openjdk-8-8u242-b08/src/hotspot/src/share/vm/prims/jvm.cpp, line 1502]
Event: 119.201 Thread 0x00007aaa28011000 Exception <a 'java/security/PrivilegedActionException'> (0x00000000f2c79fa8) thrown at [/build/openjdk-8-8u242-b08/src/hotspot/src/share/vm/prims/jvm.cpp, line 1502]

Events (10 events):
Event: 126.969 Executing VM operation: ParallelGCFailedAllocation done
Event: 127.155 Executing VM operation: ParallelGCFailedAllocation
Event: 127.282 Executing VM operation: ParallelGCFailedAllocation done
Event: 127.494 Executing VM operation: ParallelGCFailedAllocation
Event: 127.582 Executing VM operation: ParallelGCFailedAllocation done
Event: 127.718 Executing VM operation: ParallelGCFailedAllocation
Event: 127.750 Executing VM operation: ParallelGCFailedAllocation done
Event: 127.852 Executing VM operation: ParallelGCFailedAllocation
Event: 127.897 Executing VM operation: ParallelGCFailedAllocation done
Event: 128.000 Executing VM operation: ParallelGCFailedAllocation


Dynamic libraries:
d4400000-e7800000 rw-p 00000000 00:00 0 
eba00000-f1700000 ---p 00000000 00:00 0 
f1700000-fff80000 rw-p 00000000 00:00 0 
fff80000-100000000 ---p 00000000 00:00 0 
100000000-100880000 rw-p 00000000 00:00 0 
100880000-140000000 ---p 00000000 00:00 0 
5cb1bc4d1000-5cb1bc4d2000 r-xp 00000000 00:28 190929                     /usr/lib/jvm/java-8-openjdk-amd64/jre/bin/java
5cb1bc6d1000-5cb1bc6d2000 r--p 00000000 00:28 190929                     /usr/lib/jvm/java-8-openjdk-amd64/jre/bin/java
5cb1bc6d2000-5cb1bc6d3000 rw-p 00001000 00:28 190929                     /usr/lib/jvm/java-8-openjdk-amd64/jre/bin/java
5cb1be38f000-5cb1be3b0000 rw-p 00000000 00:00 0                          [heap]
7aa994000000-7aa994021000 rw-p 00000000 00:00 0 
7aa994021000-7aa998000000 ---p 00000000 00:00 0 
7aa998000000-7aa998021000 rw-p 00000000 00:00 0 
7aa998021000-7aa99c000000 ---p 00000000 00:00 0 
7aa99c000000-7aa99c021000 rw-p 00000000 00:00 0 
7aa99c021000-7aa9a0000000 ---p 00000000 00:00 0 
7aa9a0000000-7aa9a0021000 rw-p 00000000 00:00 0 
7aa9a0021000-7aa9a4000000 ---p 00000000 00:00 0 
7aa9a4000000-7aa9a4021000 rw-p 00000000 00:00 0 
7aa9a4021000-7aa9a8000000 ---p 00000000 00:00 0 
7aa9a8000000-7aa9a8039000 rw-p 00000000 00:00 0 
7aa9a8039000-7aa9ac000000 ---p 00000000 00:00 0 
7aa9ac000000-7aa9ac021000 rw-p 00000000 00:00 0 
7aa9ac021000-7aa9b0000000 ---p 00000000 00:00 0 
7aa9b0000000-7aa9b0021000 rw-p 00000000 00:00 0 
7aa9b0021000-7aa9b4000000 ---p 00000000 00:00 0 
7aa9b4000000-7aa9b4021000 rw-p 00000000 00:00 0 
7aa9b4021000-7aa9b8000000 ---p 00000000 00:00 0 
7aa9ba183000-7aa9ba1c3000 rw-p 00000000 00:00 0 
7aa9ba1c3000-7aa9ba383000 ---p 00000000 00:00 0 
7aa9ba383000-7aa9ba583000 rw-p 00000000 00:00 0 
7aa9ba583000-7aa9ba586000 ---p 00000000 00:00 0 
7aa9ba586000-7aa9ba684000 rw-p 00000000 00:00 0 
7aa9ba684000-7aa9ba687000 ---p 00000000 00:00 0 
7aa9ba687000-7aa9ba985000 rw-p 00000000 00:00 0 
7aa9ba985000-7aa9ba999000 r-xp 00000000 00:28 1927                       /lib/x86_64-linux-gnu/libresolv-2.24.so
7aa9ba999000-7aa9bab98000 ---p 00014000 00:28 1927                       /lib/x86_64-linux-gnu/libresolv-2.24.so
7aa9bab98000-7aa9bab99000 r--p 00013000 00:28 1927                       /lib/x86_64-linux-gnu/libresolv-2.24.so
7aa9bab99000-7aa9bab9a000 rw-p 00014000 00:28 1927                       /lib/x86_64-linux-gnu/libresolv-2.24.so
7aa9bab9a000-7aa9bab9c000 rw-p 00000000 00:00 0 
7aa9bab9c000-7aa9baba1000 r-xp 00000000 00:28 1900                       /lib/x86_64-linux-gnu/libnss_dns-2.24.so
7aa9baba1000-7aa9bada0000 ---p 00005000 00:28 1900                       /lib/x86_64-linux-gnu/libnss_dns-2.24.so
7aa9bada0000-7aa9bada1000 r--p 00004000 00:28 1900                       /lib/x86_64-linux-gnu/libnss_dns-2.24.so
7aa9bada1000-7aa9bada2000 rw-p 00005000 00:28 1900                       /lib/x86_64-linux-gnu/libnss_dns-2.24.so
7aa9bada2000-7aa9bada4000 r-xp 00000000 00:28 187632                     /lib/x86_64-linux-gnu/libnss_mdns4_minimal.so.2
7aa9bada4000-7aa9bafa3000 ---p 00002000 00:28 187632                     /lib/x86_64-linux-gnu/libnss_mdns4_minimal.so.2
7aa9bafa3000-7aa9bafa4000 r--p 00001000 00:28 187632                     /lib/x86_64-linux-gnu/libnss_mdns4_minimal.so.2
7aa9bafa4000-7aa9bafa5000 rw-p 00002000 00:28 187632                     /lib/x86_64-linux-gnu/libnss_mdns4_minimal.so.2
7aa9bafa5000-7aa9bb1a5000 rw-p 00000000 00:00 0 
7aa9bb1a5000-7aa9bb1ce000 r-xp 00000000 00:28 190969                     /usr/lib/jvm/java-8-openjdk-amd64/jre/lib/amd64/libsunec.so
7aa9bb1ce000-7aa9bb3cd000 ---p 00029000 00:28 190969                     /usr/lib/jvm/java-8-openjdk-amd64/jre/lib/amd64/libsunec.so
7aa9bb3cd000-7aa9bb3d1000 r--p 00028000 00:28 190969                     /usr/lib/jvm/java-8-openjdk-amd64/jre/lib/amd64/libsunec.so
7aa9bb3d1000-7aa9bb3d2000 rw-p 0002c000 00:28 190969                     /usr/lib/jvm/java-8-openjdk-amd64/jre/lib/amd64/libsunec.so
7aa9bb3d2000-7aa9bb3d5000 ---p 00000000 00:00 0 
7aa9bb3d5000-7aa9bb4d3000 rw-p 00000000 00:00 0 
7aa9bb4d3000-7aa9bb4d6000 ---p 00000000 00:00 0 
7aa9bb4d6000-7aa9bb5d4000 rw-p 00000000 00:00 0 
7aa9bb5d4000-7aa9bb5d7000 ---p 00000000 00:00 0 
7aa9bb5d7000-7aa9bb6d5000 rw-p 00000000 00:00 0 
7aa9bb6d5000-7aa9bb6d8000 ---p 00000000 00:00 0 
7aa9bb6d8000-7aa9bb7d6000 rw-p 00000000 00:00 0 
7aa9bb7d6000-7aa9bb7d9000 ---p 00000000 00:00 0 
7aa9bb7d9000-7aa9bb8d7000 rw-p 00000000 00:00 0 
7aa9bb8d7000-7aa9bb8da000 ---p 00000000 00:00 0 
7aa9bb8da000-7aa9bb9d8000 rw-p 00000000 00:00 0 
7aa9bb9d8000-7aa9bb9db000 ---p 00000000 00:00 0 
7aa9bb9db000-7aa9bbad9000 rw-p 00000000 00:00 0 
7aa9bbad9000-7aa9bbadc000 ---p 00000000 00:00 0 
7aa9bbadc000-7aa9bbbda000 rw-p 00000000 00:00 0 
7aa9bbbfc000-7aa9bbbff000 ---p 00000000 00:00 0 
7aa9bbbff000-7aa9bbcfd000 rw-p 00000000 00:00 0 
7aa9bbcfd000-7aa9bbd00000 ---p 00000000 00:00 0 
7aa9bbd00000-7aa9bbdfe000 rw-p 00000000 00:00 0 
7aa9bbdfe000-7aa9bbe01000 ---p 00000000 00:00 0 
7aa9bbe01000-7aa9bbeff000 rw-p 00000000 00:00 0 
7aa9bbeff000-7aa9bbf02000 ---p 00000000 00:00 0 
7aa9bbf02000-7aa9bc000000 rw-p 00000000 00:00 0 
7aa9bc000000-7aa9bc021000 rw-p 00000000 00:00 0 
7aa9bc021000-7aa9c0000000 ---p 00000000 00:00 0 
7aa9c0000000-7aa9c0021000 rw-p 00000000 00:00 0 
7aa9c0021000-7aa9c4000000 ---p 00000000 00:00 0 
7aa9c4000000-7aa9c40f0000 rw-p 00000000 00:00 0 
7aa9c40f0000-7aa9c8000000 ---p 00000000 00:00 0 
7aa9c8000000-7aa9c8021000 rw-p 00000000 00:00 0 
7aa9c8021000-7aa9cc000000 ---p 00000000 00:00 0 
7aa9cc000000-7aa9cc47e000 rw-p 00000000 00:00 0 
7aa9cc47e000-7aa9d0000000 ---p 00000000 00:00 0 
7aa9d0000000-7aa9d0021000 rw-p 00000000 00:00 0 
7aa9d0021000-7aa9d4000000 ---p 00000000 00:00 0 
7aa9d40fe000-7aa9d4101000 ---p 00000000 00:00 0 
7aa9d4101000-7aa9d43ff000 rw-p 00000000 00:00 0 
7aa9d43ff000-7aa9d45ff000 rw-p 00000000 00:00 0 
7aa9d45ff000-7aa9d47ff000 rw-p 00000000 00:00 0 
7aa9d47ff000-7aa9d49ff000 rw-p 00000000 00:00 0 
7aa9d49ff000-7aa9d4bff000 rw-p 00000000 00:00 0 
7aa9d4bff000-7aa9d4dff000 rw-p 00000000 00:00 0 
7aa9d4dff000-7aa9d4fff000 rw-p 00000000 00:00 0 
7aa9d4fff000-7aa9d8000000 rw-p 00000000 00:00 0 
7aa9d8000000-7aa9d94f7000 rw-p 00000000 00:00 0 
7aa9d94f7000-7aa9dc000000 ---p 00000000 00:00 0 
7aa9dc000000-7aa9dc021000 rw-p 00000000 00:00 0 
7aa9dc021000-7aa9e0000000 ---p 00000000 00:00 0 
7aa9e0000000-7aa9e35b6000 rw-p 00000000 00:00 0 
7aa9e35b6000-7aa9e4000000 ---p 00000000 00:00 0 
7aa9e4000000-7aa9e66cc000 rw-p 00000000 00:00 0 
7aa9e66cc000-7aa9e8000000 ---p 00000000 00:00 0 
7aa9e8000000-7aa9e8021000 rw-p 00000000 00:00 0 
7aa9e8021000-7aa9ec000000 ---p 00000000 00:00 0 
7aa9ec000000-7aa9ec021000 rw-p 00000000 00:00 0 
7aa9ec021000-7aa9f0000000 ---p 00000000 00:00 0 
7aa9f0000000-7aa9f0021000 rw-p 00000000 00:00 0 
7aa9f0021000-7aa9f4000000 ---p 00000000 00:00 0 
7aa9f4000000-7aa9f4021000 rw-p 00000000 00:00 0 
7aa9f4021000-7aa9f8000000 ---p 00000000 00:00 0 
7aa9f8000000-7aa9f8021000 rw-p 00000000 00:00 0 
7aa9f8021000-7aa9fc000000 ---p 00000000 00:00 0 
7aa9fc000000-7aa9fc021000 rw-p 00000000 00:00 0 
7aa9fc021000-7aaa00000000 ---p 00000000 00:00 0 
7aaa00000000-7aaa000fd000 rw-p 00000000 00:00 0 
7aaa000fd000-7aaa04000000 ---p 00000000 00:00 0 
7aaa04000000-7aaa04073000 rw-p 00000000 00:00 0 
7aaa04073000-7aaa08000000 ---p 00000000 00:00 0 
7aaa08000000-7aaa08030000 rw-p 00000000 00:00 0 
7aaa08030000-7aaa0c000000 ---p 00000000 00:00 0 
7aaa0c000000-7aaa0c021000 rw-p 00000000 00:00 0 
7aaa0c021000-7aaa10000000 ---p 00000000 00:00 0 
7aaa100e0000-7aaa100e3000 ---p 00000000 00:00 0 
7aaa100e3000-7aaa103e1000 rw-p 00000000 00:00 0 
7aaa103e1000-7aaa103e4000 ---p 00000000 00:00 0 
7aaa103e4000-7aaa106e2000 rw-p 00000000 00:00 0 
7aaa106e2000-7aaa108d8000 rw-p 00000000 00:00 0 
7aaa108d8000-7aaa108e2000 ---p 00000000 00:00 0 
7aaa108e2000-7aaa108e5000 ---p 00000000 00:00 0 
7aaa108e5000-7aaa10be3000 rw-p 00000000 00:00 0 
7aaa10be3000-7aaa10de3000 rw-p 00000000 00:00 0 
7aaa10e28000-7aaa10e3b000 r--s 00346000 00:28 191008                     /usr/lib/jvm/java-8-openjdk-amd64/jre/lib/resources.jar
7aaa10e3b000-7aaa10e3d000 r--s 00016000 00:28 191002                     /usr/lib/jvm/java-8-openjdk-amd64/jre/lib/jce.jar
7aaa10e3d000-7aaa10e42000 r--s 002f9000 00:28 190975                     /usr/lib/jvm/java-8-openjdk-amd64/jre/lib/charsets.jar
7aaa10e42000-7aaa10e47000 r--s 000a3000 00:28 191004                     /usr/lib/jvm/java-8-openjdk-amd64/jre/lib/jsse.jar
7aaa10e47000-7aaa11047000 rw-p 00000000 00:00 0 
7aaa11047000-7aaa11247000 rw-p 00000000 00:00 0 
7aaa11247000-7aaa11447000 rw-p 00000000 00:00 0 
7aaa11447000-7aaa11647000 rw-p 00000000 00:00 0 
7aaa11647000-7aaa1164a000 ---p 00000000 00:00 0 
7aaa1164a000-7aaa11948000 rw-p 00000000 00:00 0 
7aaa11948000-7aaa11b48000 rw-p 00000000 00:00 0 
7aaa11b48000-7aaa11d48000 rw-p 00000000 00:00 0 
7aaa11d48000-7aaa11f48000 rw-p 00000000 00:00 0 
7aaa11f48000-7aaa11f51000 r-xp 00000000 00:28 190962                     /usr/lib/jvm/java-8-openjdk-amd64/jre/lib/amd64/libmanagement.so
7aaa11f51000-7aaa12150000 ---p 00009000 00:28 190962                     /usr/lib/jvm/java-8-openjdk-amd64/jre/lib/amd64/libmanagement.so
7aaa12150000-7aaa12151000 r--p 00008000 00:28 190962                     /usr/lib/jvm/java-8-openjdk-amd64/jre/lib/amd64/libmanagement.so
7aaa12151000-7aaa12152000 rw-p 00009000 00:28 190962                     /usr/lib/jvm/java-8-openjdk-amd64/jre/lib/amd64/libmanagement.so
7aaa12152000-7aaa12352000 rw-p 00000000 00:00 0 
7aaa12352000-7aaa12355000 ---p 00000000 00:00 0 
7aaa12355000-7aaa12453000 rw-p 00000000 00:00 0 
7aaa12453000-7aaa12455000 r--s 00005000 00:28 325321                     /home/sgtmms/.m2/repository/stax/stax-api/1.0.1/stax-api-1.0.1.jar
7aaa12455000-7aaa12492000 r--s 0024f000 00:28 325319                     /home/sgtmms/.m2/repository/org/apache/xmlbeans/xmlbeans/2.3.0/xmlbeans-2.3.0.jar
7aaa12492000-7aaa12526000 r--s 00401000 00:28 325317                     /home/sgtmms/.m2/repository/org/apache/poi/poi-ooxml-schemas/3.9/poi-ooxml-schemas-3.9.jar
7aaa12526000-7aaa1252f000 r--s 0002d000 00:28 325315                     /home/sgtmms/.m2/repository/xml-apis/xml-apis/1.4.01/xml-apis-1.4.01.jar
7aaa1252f000-7aaa12534000 r--s 00048000 00:28 325313                     /home/sgtmms/.m2/repository/dom4j/dom4j/1.6.1/dom4j-1.6.1.jar
7aaa12534000-7aaa12540000 r--s 000d9000 00:28 325311                     /home/sgtmms/.m2/repository/org/apache/poi/poi-ooxml/3.9/poi-ooxml-3.9.jar
7aaa12540000-7aaa12547000 r--s 0004b000 00:28 271725                     /home/sgtmms/.m2/repository/commons-codec/commons-codec/1.11/commons-codec-1.11.jar
7aaa12547000-7aaa12567000 r--s 001a9000 00:28 325308                     /home/sgtmms/.m2/repository/org/apache/poi/poi/3.9/poi-3.9.jar
7aaa12567000-7aaa1256b000 r--s 0004c000 00:28 267128                     /home/sgtmms/.m2/repository/com/fasterxml/jackson/core/jackson-core/2.9.8/jackson-core-2.9.8.jar
7aaa1256b000-7aaa1256e000 r--s 0000e000 00:28 267110                     /home/sgtmms/.m2/repository/com/fasterxml/jackson/core/jackson-annotations/2.9.0/jackson-annotations-2.9.0.jar
7aaa1256e000-7aaa12580000 r--s 00137000 00:28 267094                     /home/sgtmms/.m2/repository/com/fasterxml/jackson/core/jackson-databind/2.9.8/jackson-databind-2.9.8.jar
7aaa12580000-7aaa12581000 r--s 00005000 00:28 267077                     /home/sgtmms/.m2/repository/org/springframework/spring-jcl/5.1.6.RELEASE/spring-jcl-5.1.6.RELEASE.jar
7aaa12581000-7aaa12599000 r--s 00124000 00:28 267552                     /home/sgtmms/.m2/repository/org/springframework/spring-core/5.1.6.RELEASE/spring-core-5.1.6.RELEASE.jar
7aaa12599000-7aaa125a6000 r--s 00098000 00:28 267031                     /home/sgtmms/.m2/repository/org/springframework/spring-beans/5.1.6.RELEASE/spring-beans-5.1.6.RELEASE.jar
7aaa125a6000-7aaa125c2000 r--s 00137000 00:28 267016                     /home/sgtmms/.m2/repository/org/springframework/spring-web/5.1.6.RELEASE/spring-web-5.1.6.RELEASE.jar
7aaa125c2000-7aaa125d0000 r--s 0016d000 00:28 266992                     /home/sgtmms/.m2/repository/org/hsqldb/hsqldb/2.4.1/hsqldb-2.4.1.jar
7aaa125d0000-7aaa125da000 r--s 000c0000 00:28 266976                     /home/sgtmms/.m2/repository/org/postgresql/postgresql/42.2.5/postgresql-42.2.5.jar
7aaa125da000-7aaa125dc000 r--s 0000a000 00:28 266947                     /home/sgtmms/.m2/repository/org/springframework/spring-aspects/5.1.6.RELEASE/spring-aspects-5.1.6.RELEASE.jar
7aaa125dc000-7aaa125f6000 r--s 000f3000 00:28 266777                     /home/sgtmms/.m2/repository/org/springframework/spring-context/5.1.6.RELEASE/spring-context-5.1.6.RELEASE.jar
7aaa125f6000-7aaa125fa000 r--s 0002d000 00:28 266691                     /home/sgtmms/.m2/repository/org/springframework/spring-orm/5.1.6.RELEASE/spring-orm-5.1.6.RELEASE.jar
7aaa125fa000-7aaa12612000 r--s 00106000 00:28 266629                     /home/sgtmms/.m2/repository/org/springframework/data/spring-data-commons/2.1.6.RELEASE/spring-data-commons-2.1.6.RELEASE.jar
7aaa12612000-7aaa1261a000 r--s 0004f000 00:28 266611                     /home/sgtmms/.m2/repository/org/springframework/data/spring-data-jpa/2.1.6.RELEASE/spring-data-jpa-2.1.6.RELEASE.jar
7aaa1261a000-7aaa1261d000 r--s 00010000 00:28 266579                     /home/sgtmms/.m2/repository/org/hibernate/common/hibernate-commons-annotations/5.0.4.Final/hibernate-commons-annotations-5.0.4.Final.jar
7aaa1261d000-7aaa12622000 r--s 0004b000 00:28 266571                     /home/sgtmms/.m2/repository/org/dom4j/dom4j/2.1.1/dom4j-2.1.1.jar
7aaa12622000-7aaa12624000 r--s 0000f000 00:28 266532                     /home/sgtmms/.m2/repository/com/fasterxml/classmate/1.4.0/classmate-1.4.0.jar
7aaa12624000-7aaa12627000 r--s 0002b000 00:28 266505                     /home/sgtmms/.m2/repository/org/jboss/jandex/2.0.5.Final/jandex-2.0.5.Final.jar
7aaa12627000-7aaa1262c000 r--s 00068000 00:28 266490                     /home/sgtmms/.m2/repository/antlr/antlr/2.7.7/antlr-2.7.7.jar
7aaa1262c000-7aaa12673000 r--s 002da000 00:28 267417                     /home/sgtmms/.m2/repository/net/bytebuddy/byte-buddy/1.9.12/byte-buddy-1.9.12.jar
7aaa12673000-7aaa1267e000 r--s 000b2000 00:28 266459                     /home/sgtmms/.m2/repository/org/javassist/javassist/3.23.1-GA/javassist-3.23.1-GA.jar
7aaa1267e000-7aaa12684000 r--s 00023000 00:28 266443                     /home/sgtmms/.m2/repository/javax/persistence/javax.persistence-api/2.2/javax.persistence-api-2.2.jar
7aaa12684000-7aaa12686000 r--s 0000f000 00:28 266594                     /home/sgtmms/.m2/repository/org/jboss/logging/jboss-logging/3.3.2.Final/jboss-logging-3.3.2.Final.jar
7aaa12686000-7aaa12709000 r--s 00626000 00:28 266413                     /home/sgtmms/.m2/repository/org/hibernate/hibernate-core/5.3.9.Final/hibernate-core-5.3.9.Final.jar
7aaa12709000-7aaa1270b000 r--s 0000c000 00:28 266537                     /home/sgtmms/.m2/repository/javax/activation/javax.activation-api/1.2.0/javax.activation-api-1.2.0.jar
7aaa1270b000-7aaa1270f000 r--s 0001c000 00:28 267622                     /home/sgtmms/.m2/repository/javax/xml/bind/jaxb-api/2.3.1/jaxb-api-2.3.1.jar
7aaa1270f000-7aaa12710000 r--s 00006000 00:28 266353                     /home/sgtmms/.m2/repository/javax/transaction/javax.transaction-api/1.3/javax.transaction-api-1.3.jar
7aaa12710000-7aaa12729000 r--s 001de000 00:28 266960                     /home/sgtmms/.m2/repository/org/aspectj/aspectjweaver/1.9.2/aspectjweaver-1.9.2.jar
7aaa12729000-7aaa12733000 r--s 00051000 00:28 266869                     /home/sgtmms/.m2/repository/org/springframework/spring-aop/5.1.6.RELEASE/spring-aop-5.1.6.RELEASE.jar
7aaa12733000-7aaa12734000 r--s 00000000 00:28 266234                     /home/sgtmms/.m2/repository/org/springframework/boot/spring-boot-starter-aop/2.1.4.RELEASE/spring-boot-starter-aop-2.1.4.RELEASE.jar
7aaa12734000-7aaa12735000 r--s 00000000 00:28 266216                     /home/sgtmms/.m2/repository/org/springframework/boot/spring-boot-starter-data-jpa/2.1.4.RELEASE/spring-boot-starter-data-jpa-2.1.4.RELEASE.jar
7aaa12735000-7aaa1273d000 r--s 00037000 00:28 266882                     /home/sgtmms/.m2/repository/org/springframework/spring-tx/5.1.6.RELEASE/spring-tx-5.1.6.RELEASE.jar
7aaa1273d000-7aaa12746000 r--s 0005a000 00:28 266746                     /home/sgtmms/.m2/repository/org/springframework/spring-jdbc/5.1.6.RELEASE/spring-jdbc-5.1.6.RELEASE.jar
7aaa12746000-7aaa1274a000 r--s 00020000 00:28 266084                     /home/sgtmms/.m2/repository/com/zaxxer/HikariCP/3.2.0/HikariCP-3.2.0.jar
7aaa1274a000-7aaa12751000 r--s 00043000 00:28 266068                     /home/sgtmms/.m2/repository/org/yaml/snakeyaml/1.23/snakeyaml-1.23.jar
7aaa12751000-7aaa12753000 r--s 00005000 00:28 266035                     /home/sgtmms/.m2/repository/javax/annotation/javax.annotation-api/1.3.2/javax.annotation-api-1.3.2.jar
7aaa12753000-7aaa12755000 r--s 00000000 00:28 266005                     /home/sgtmms/.m2/repository/org/slf4j/jul-to-slf4j/1.7.26/jul-to-slf4j-1.7.26.jar
7aaa12755000-7aaa1275b000 r--s 0003c000 00:28 265988                     /home/sgtmms/.m2/repository/org/apache/logging/log4j/log4j-api/2.11.2/log4j-api-2.11.2.jar
7aaa1275b000-7aaa1275d000 r--s 00003000 00:28 265957                     /home/sgtmms/.m2/repository/org/apache/logging/log4j/log4j-to-slf4j/2.11.2/log4j-to-slf4j-2.11.2.jar
7aaa1275d000-7aaa12768000 r--s 00069000 00:28 265915                     /home/sgtmms/.m2/repository/ch/qos/logback/logback-core/1.2.3/logback-core-1.2.3.jar
7aaa12768000-7aaa1276e000 r--s 00041000 00:28 265900                     /home/sgtmms/.m2/repository/ch/qos/logback/logback-classic/1.2.3/logback-classic-1.2.3.jar
7aaa1276e000-7aaa1276f000 r--s 00000000 00:28 265883                     /home/sgtmms/.m2/repository/org/springframework/boot/spring-boot-starter-logging/2.1.4.RELEASE/spring-boot-starter-logging-2.1.4.RELEASE.jar
7aaa1276f000-7aaa12793000 r--s 00111000 00:28 267247                     /home/sgtmms/.m2/repository/org/springframework/boot/spring-boot-autoconfigure/2.1.4.RELEASE/spring-boot-autoconfigure-2.1.4.RELEASE.jar
7aaa12793000-7aaa127a8000 r--s 000d4000 00:28 267200                     /home/sgtmms/.m2/repository/org/springframework/boot/spring-boot/2.1.4.RELEASE/spring-boot-2.1.4.RELEASE.jar
7aaa127a8000-7aaa127a9000 r--s 00000000 00:28 267169                     /home/sgtmms/.m2/repository/org/springframework/boot/spring-boot-starter/2.1.4.RELEASE/spring-boot-starter-2.1.4.RELEASE.jar
7aaa127a9000-7aaa127ab000 r--s 00009000 00:28 267339                     /home/sgtmms/.m2/repository/org/slf4j/slf4j-api/1.7.26/slf4j-api-1.7.26.jar
7aaa127ab000-7aaa127ad000 r--s 00002000 00:28 265627                     /home/sgtmms/.m2/repository/org/atteo/evo-inflector/1.2.2/evo-inflector-1.2.2.jar
7aaa127ad000-7aaa127b2000 r--s 0002f000 00:28 265395                     /home/sgtmms/.m2/repository/org/springframework/hateoas/spring-hateoas/0.25.1.RELEASE/spring-hateoas-0.25.1.RELEASE.jar
7aaa127b2000-7aaa127b7000 r--s 0001f000 00:28 265361                     /home/sgtmms/.m2/repository/org/springframework/data/spring-data-rest-core/3.1.6.RELEASE/spring-data-rest-core-3.1.6.RELEASE.jar
7aaa127b7000-7aaa127be000 r--s 0004e000 00:28 265345                     /home/sgtmms/.m2/repository/org/springframework/data/spring-data-rest-webmvc/3.1.6.RELEASE/spring-data-rest-webmvc-3.1.6.RELEASE.jar
7aaa127be000-7aaa127d5000 r-xp 00000000 00:28 190964                     /usr/lib/jvm/java-8-openjdk-amd64/jre/lib/amd64/libnet.so
7aaa127d5000-7aaa129d4000 ---p 00017000 00:28 190964                     /usr/lib/jvm/java-8-openjdk-amd64/jre/lib/amd64/libnet.so
7aaa129d4000-7aaa129d5000 r--p 00016000 00:28 190964                     /usr/lib/jvm/java-8-openjdk-amd64/jre/lib/amd64/libnet.so
7aaa129d5000-7aaa129d6000 rw-p 00017000 00:28 190964                     /usr/lib/jvm/java-8-openjdk-amd64/jre/lib/amd64/libnet.so
7aaa129d6000-7aaa129e7000 r-xp 00000000 00:28 190965                     /usr/lib/jvm/java-8-openjdk-amd64/jre/lib/amd64/libnio.so
7aaa129e7000-7aaa12be7000 ---p 00011000 00:28 190965                     /usr/lib/jvm/java-8-openjdk-amd64/jre/lib/amd64/libnio.so
7aaa12be7000-7aaa12be8000 r--p 00011000 00:28 190965                     /usr/lib/jvm/java-8-openjdk-amd64/jre/lib/amd64/libnio.so
7aaa12be8000-7aaa12be9000 rw-p 00012000 00:28 190965                     /usr/lib/jvm/java-8-openjdk-amd64/jre/lib/amd64/libnio.so
7aaa12be9000-7aaa12bea000 ---p 00000000 00:00 0 
7aaa12bea000-7aaa12cea000 rw-p 00000000 00:00 0 
7aaa12cea000-7aaa12ced000 ---p 00000000 00:00 0 
7aaa12ced000-7aaa12deb000 rw-p 00000000 00:00 0 
7aaa12deb000-7aaa12def000 ---p 00000000 00:00 0 
7aaa12def000-7aaa12eec000 rw-p 00000000 00:00 0 
7aaa12eec000-7aaa12ef0000 ---p 00000000 00:00 0 
7aaa12ef0000-7aaa12fed000 rw-p 00000000 00:00 0 
7aaa12fed000-7aaa12ff1000 ---p 00000000 00:00 0 
7aaa12ff1000-7aaa130ee000 rw-p 00000000 00:00 0 
7aaa130ee000-7aaa130f1000 ---p 00000000 00:00 0 
7aaa130f1000-7aaa131ef000 rw-p 00000000 00:00 0 
7aaa131ef000-7aaa131f2000 ---p 00000000 00:00 0 
7aaa131f2000-7aaa132f0000 rw-p 00000000 00:00 0 
7aaa132f0000-7aaa132f3000 ---p 00000000 00:00 0 
7aaa132f3000-7aaa133f1000 rw-p 00000000 00:00 0 
7aaa133f1000-7aaa133f5000 r-xp 00000000 00:28 190945                     /usr/lib/jvm/java-8-openjdk-amd64/jre/lib/amd64/libdt_socket.so
7aaa133f5000-7aaa135f4000 ---p 00004000 00:28 190945                     /usr/lib/jvm/java-8-openjdk-amd64/jre/lib/amd64/libdt_socket.so
7aaa135f4000-7aaa135f5000 r--p 00003000 00:28 190945                     /usr/lib/jvm/java-8-openjdk-amd64/jre/lib/amd64/libdt_socket.so
7aaa135f5000-7aaa135f6000 rw-p 00004000 00:28 190945                     /usr/lib/jvm/java-8-openjdk-amd64/jre/lib/amd64/libdt_socket.so
7aaa135f6000-7aaa135f9000 ---p 00000000 00:00 0 
7aaa135f9000-7aaa136f7000 rw-p 00000000 00:00 0 
7aaa136f7000-7aaa136fa000 ---p 00000000 00:00 0 
7aaa136fa000-7aaa137f8000 rw-p 00000000 00:00 0 
7aaa137f8000-7aaa137fb000 ---p 00000000 00:00 0 
7aaa137fb000-7aaa138f9000 rw-p 00000000 00:00 0 
7aaa138f9000-7aaa138fa000 ---p 00000000 00:00 0 
7aaa138fa000-7aaa14000000 rw-p 00000000 00:00 0 
7aaa14000000-7aaa14021000 rw-p 00000000 00:00 0 
7aaa14021000-7aaa18000000 ---p 00000000 00:00 0 
7aaa18000000-7aaa18001000 r--s 00000000 00:28 266336                     /home/sgtmms/.m2/repository/org/springframework/boot/spring-boot-starter-jdbc/2.1.4.RELEASE/spring-boot-starter-jdbc-2.1.4.RELEASE.jar
7aaa18001000-7aaa18002000 r--s 00004000 00:28 265546                     /home/sgtmms/.m2/repository/org/springframework/plugin/spring-plugin-core/1.2.0.RELEASE/spring-plugin-core-1.2.0.RELEASE.jar
7aaa18002000-7aaa18007000 r--s 00040000 00:28 266841                     /home/sgtmms/.m2/repository/org/springframework/spring-expression/5.1.6.RELEASE/spring-expression-5.1.6.RELEASE.jar
7aaa18007000-7aaa18016000 r--s 000b5000 00:28 265701                     /home/sgtmms/.m2/repository/org/springframework/spring-webmvc/5.1.6.RELEASE/spring-webmvc-5.1.6.RELEASE.jar
7aaa18016000-7aaa1801b000 r--s 00012000 00:28 265137                     /home/sgtmms/.m2/repository/javax/validation/validation-api/2.0.1.Final/validation-api-2.0.1.Final.jar
7aaa1801b000-7aaa18038000 r--s 000fe000 00:28 265120                     /home/sgtmms/.m2/repository/org/hibernate/validator/hibernate-validator/6.0.16.Final/hibernate-validator-6.0.16.Final.jar
7aaa18038000-7aaa1803d000 r--s 0003c000 00:28 265091                     /home/sgtmms/.m2/repository/org/apache/tomcat/embed/tomcat-embed-websocket/9.0.17/tomcat-embed-websocket-9.0.17.jar
7aaa1803d000-7aaa18042000 r--s 00039000 00:28 265076                     /home/sgtmms/.m2/repository/org/apache/tomcat/embed/tomcat-embed-el/9.0.17/tomcat-embed-el-9.0.17.jar
7aaa18042000-7aaa1806c000 r--s 002f9000 00:28 265059                     /home/sgtmms/.m2/repository/org/apache/tomcat/embed/tomcat-embed-core/9.0.17/tomcat-embed-core-9.0.17.jar
7aaa1806c000-7aaa1806d000 r--s 00000000 00:28 265019                     /home/sgtmms/.m2/repository/org/springframework/boot/spring-boot-starter-tomcat/2.1.4.RELEASE/spring-boot-starter-tomcat-2.1.4.RELEASE.jar
7aaa1806d000-7aaa1806f000 r--s 00001000 00:28 264971                     /home/sgtmms/.m2/repository/com/fasterxml/jackson/module/jackson-module-parameter-names/2.9.8/jackson-module-parameter-names-2.9.8.jar
7aaa1806f000-7aaa18072000 r--s 00016000 00:28 264907                     /home/sgtmms/.m2/repository/com/fasterxml/jackson/datatype/jackson-datatype-jsr310/2.9.8/jackson-datatype-jsr310-2.9.8.jar
7aaa18072000-7aaa18074000 r--s 00007000 00:28 265666                     /home/sgtmms/.m2/repository/com/fasterxml/jackson/datatype/jackson-datatype-jdk8/2.9.8/jackson-datatype-jdk8-2.9.8.jar
7aaa18074000-7aaa18075000 r--s 00000000 00:28 264804                     /home/sgtmms/.m2/repository/org/springframework/boot/spring-boot-starter-json/2.1.4.RELEASE/spring-boot-starter-json-2.1.4.RELEASE.jar
7aaa18075000-7aaa18076000 r--s 00000000 00:28 264800                     /home/sgtmms/.m2/repository/org/springframework/boot/spring-boot-starter-web/2.1.4.RELEASE/spring-boot-starter-web-2.1.4.RELEASE.jar
7aaa18076000-7aaa18077000 r--s 00000000 00:28 264798                     /home/sgtmms/.m2/repository/org/springframework/boot/spring-boot-starter-data-rest/2.1.4.RELEASE/spring-boot-starter-data-rest-2.1.4.RELEASE.jar
7aaa18077000-7aaa18092000 r--s 001d6000 00:28 190988                     /usr/lib/jvm/java-8-openjdk-amd64/jre/lib/ext/nashorn.jar
7aaa18092000-7aaa1809c000 r--s 00116000 00:28 190987                     /usr/lib/jvm/java-8-openjdk-amd64/jre/lib/ext/localedata.jar
7aaa1809c000-7aaa180b7000 r--s 00394000 00:28 190983                     /usr/lib/jvm/java-8-openjdk-amd64/jre/lib/ext/cldrdata.jar
7aaa180b7000-7aaa19000000 rw-p 00000000 00:00 0 
7aaa19000000-7aaa1a450000 rwxp 00000000 00:00 0 
7aaa1a450000-7aaa28000000 ---p 00000000 00:00 0 
7aaa28000000-7aaa2a566000 rw-p 00000000 00:00 0 
7aaa2a566000-7aaa2c000000 ---p 00000000 00:00 0 
7aaa2c000000-7aaa2c004000 r--s 0003a000 00:28 190991                     /usr/lib/jvm/java-8-openjdk-amd64/jre/lib/ext/sunpkcs11.jar
7aaa2c004000-7aaa2c009000 r--s 0003d000 00:28 190990                     /usr/lib/jvm/java-8-openjdk-amd64/jre/lib/ext/sunjce_provider.jar
7aaa2c009000-7aaa2c00c000 r--s 0000f000 00:28 190985                     /usr/lib/jvm/java-8-openjdk-amd64/jre/lib/ext/icedtea-sound.jar
7aaa2c00c000-7aaa2c2bf000 rw-p 00000000 00:00 0 
7aaa2c2bf000-7aaa2c48f000 r--s 03c68000 00:28 191009                     /usr/lib/jvm/java-8-openjdk-amd64/jre/lib/rt.jar
7aaa2c48f000-7aaa2dcd4000 rw-p 00000000 00:00 0 
7aaa2dcd4000-7aaa2dcd5000 ---p 00000000 00:00 0 
7aaa2dcd5000-7aaa2ddd5000 rw-p 00000000 00:00 0 
7aaa2ddd5000-7aaa2ddd6000 ---p 00000000 00:00 0 
7aaa2ddd6000-7aaa2ded6000 rw-p 00000000 00:00 0 
7aaa2ded6000-7aaa2ded7000 ---p 00000000 00:00 0 
7aaa2ded7000-7aaa2dfd7000 rw-p 00000000 00:00 0 
7aaa2dfd7000-7aaa2dfd8000 ---p 00000000 00:00 0 
7aaa2dfd8000-7aaa2e172000 rw-p 00000000 00:00 0 
7aaa2e172000-7aaa2e1c1000 ---p 00000000 00:00 0 
7aaa2e1c1000-7aaa2e236000 rw-p 00000000 00:00 0 
7aaa2e236000-7aaa2e289000 rw-p 00000000 00:00 0 
7aaa2e289000-7aaa2e5f7000 ---p 00000000 00:00 0 
7aaa2e5f7000-7aaa2e5ff000 r-xp 00000000 00:28 190972                     /usr/lib/jvm/java-8-openjdk-amd64/jre/lib/amd64/libzip.so
7aaa2e5ff000-7aaa2e7fe000 ---p 00008000 00:28 190972                     /usr/lib/jvm/java-8-openjdk-amd64/jre/lib/amd64/libzip.so
7aaa2e7fe000-7aaa2e7ff000 r--p 00007000 00:28 190972                     /usr/lib/jvm/java-8-openjdk-amd64/jre/lib/amd64/libzip.so
7aaa2e7ff000-7aaa2e800000 rw-p 00008000 00:28 190972                     /usr/lib/jvm/java-8-openjdk-amd64/jre/lib/amd64/libzip.so
7aaa2e800000-7aaa2e80a000 r-xp 00000000 00:28 1902                       /lib/x86_64-linux-gnu/libnss_files-2.24.so
7aaa2e80a000-7aaa2ea0a000 ---p 0000a000 00:28 1902                       /lib/x86_64-linux-gnu/libnss_files-2.24.so
7aaa2ea0a000-7aaa2ea0b000 r--p 0000a000 00:28 1902                       /lib/x86_64-linux-gnu/libnss_files-2.24.so
7aaa2ea0b000-7aaa2ea0c000 rw-p 0000b000 00:28 1902                       /lib/x86_64-linux-gnu/libnss_files-2.24.so
7aaa2ea0c000-7aaa2ea12000 rw-p 00000000 00:00 0 
7aaa2ea12000-7aaa2ea1d000 r-xp 00000000 00:28 1906                       /lib/x86_64-linux-gnu/libnss_nis-2.24.so
7aaa2ea1d000-7aaa2ec1c000 ---p 0000b000 00:28 1906                       /lib/x86_64-linux-gnu/libnss_nis-2.24.so
7aaa2ec1c000-7aaa2ec1d000 r--p 0000a000 00:28 1906                       /lib/x86_64-linux-gnu/libnss_nis-2.24.so
7aaa2ec1d000-7aaa2ec1e000 rw-p 0000b000 00:28 1906                       /lib/x86_64-linux-gnu/libnss_nis-2.24.so
7aaa2ec1e000-7aaa2ec32000 r-xp 00000000 00:28 1896                       /lib/x86_64-linux-gnu/libnsl-2.24.so
7aaa2ec32000-7aaa2ee32000 ---p 00014000 00:28 1896                       /lib/x86_64-linux-gnu/libnsl-2.24.so
7aaa2ee32000-7aaa2ee33000 r--p 00014000 00:28 1896                       /lib/x86_64-linux-gnu/libnsl-2.24.so
7aaa2ee33000-7aaa2ee34000 rw-p 00015000 00:28 1896                       /lib/x86_64-linux-gnu/libnsl-2.24.so
7aaa2ee34000-7aaa2ee36000 rw-p 00000000 00:00 0 
7aaa2ee36000-7aaa2ee3d000 r-xp 00000000 00:28 1898                       /lib/x86_64-linux-gnu/libnss_compat-2.24.so
7aaa2ee3d000-7aaa2f03c000 ---p 00007000 00:28 1898                       /lib/x86_64-linux-gnu/libnss_compat-2.24.so
7aaa2f03c000-7aaa2f03d000 r--p 00006000 00:28 1898                       /lib/x86_64-linux-gnu/libnss_compat-2.24.so
7aaa2f03d000-7aaa2f03e000 rw-p 00007000 00:28 1898                       /lib/x86_64-linux-gnu/libnss_compat-2.24.so
7aaa2f03e000-7aaa2f1d9000 r--p 00000000 00:28 2946                       /usr/lib/locale/locale-archive
7aaa2f1d9000-7aaa2f1db000 r-xp 00000000 00:28 190966                     /usr/lib/jvm/java-8-openjdk-amd64/jre/lib/amd64/libnpt.so
7aaa2f1db000-7aaa2f3db000 ---p 00002000 00:28 190966                     /usr/lib/jvm/java-8-openjdk-amd64/jre/lib/amd64/libnpt.so
7aaa2f3db000-7aaa2f3dc000 r--p 00002000 00:28 190966                     /usr/lib/jvm/java-8-openjdk-amd64/jre/lib/amd64/libnpt.so
7aaa2f3dc000-7aaa2f3dd000 rw-p 00003000 00:28 190966                     /usr/lib/jvm/java-8-openjdk-amd64/jre/lib/amd64/libnpt.so
7aaa2f3dd000-7aaa2f418000 r-xp 00000000 00:28 190958                     /usr/lib/jvm/java-8-openjdk-amd64/jre/lib/amd64/libjdwp.so
7aaa2f418000-7aaa2f618000 ---p 0003b000 00:28 190958                     /usr/lib/jvm/java-8-openjdk-amd64/jre/lib/amd64/libjdwp.so
7aaa2f618000-7aaa2f619000 r--p 0003b000 00:28 190958                     /usr/lib/jvm/java-8-openjdk-amd64/jre/lib/amd64/libjdwp.so
7aaa2f619000-7aaa2f61a000 rw-p 0003c000 00:28 190958                     /usr/lib/jvm/java-8-openjdk-amd64/jre/lib/amd64/libjdwp.so
7aaa2f61a000-7aaa2f644000 r-xp 00000000 00:28 190953                     /usr/lib/jvm/java-8-openjdk-amd64/jre/lib/amd64/libjava.so
7aaa2f644000-7aaa2f843000 ---p 0002a000 00:28 190953                     /usr/lib/jvm/java-8-openjdk-amd64/jre/lib/amd64/libjava.so
7aaa2f843000-7aaa2f844000 r--p 00029000 00:28 190953                     /usr/lib/jvm/java-8-openjdk-amd64/jre/lib/amd64/libjava.so
7aaa2f844000-7aaa2f846000 rw-p 0002a000 00:28 190953                     /usr/lib/jvm/java-8-openjdk-amd64/jre/lib/amd64/libjava.so
7aaa2f846000-7aaa2f855000 r-xp 00000000 00:28 190971                     /usr/lib/jvm/java-8-openjdk-amd64/jre/lib/amd64/libverify.so
7aaa2f855000-7aaa2fa55000 ---p 0000f000 00:28 190971                     /usr/lib/jvm/java-8-openjdk-amd64/jre/lib/amd64/libverify.so
7aaa2fa55000-7aaa2fa57000 r--p 0000f000 00:28 190971                     /usr/lib/jvm/java-8-openjdk-amd64/jre/lib/amd64/libverify.so
7aaa2fa57000-7aaa2fa58000 rw-p 00011000 00:28 190971                     /usr/lib/jvm/java-8-openjdk-amd64/jre/lib/amd64/libverify.so
7aaa2fa58000-7aaa2fa5f000 r-xp 00000000 00:28 1929                       /lib/x86_64-linux-gnu/librt-2.24.so
7aaa2fa5f000-7aaa2fc5e000 ---p 00007000 00:28 1929                       /lib/x86_64-linux-gnu/librt-2.24.so
7aaa2fc5e000-7aaa2fc5f000 r--p 00006000 00:28 1929                       /lib/x86_64-linux-gnu/librt-2.24.so
7aaa2fc5f000-7aaa2fc60000 rw-p 00007000 00:28 1929                       /lib/x86_64-linux-gnu/librt-2.24.so
7aaa2fc60000-7aaa2fc76000 r-xp 00000000 00:28 1864                       /lib/x86_64-linux-gnu/libgcc_s.so.1
7aaa2fc76000-7aaa2fe75000 ---p 00016000 00:28 1864                       /lib/x86_64-linux-gnu/libgcc_s.so.1
7aaa2fe75000-7aaa2fe76000 r--p 00015000 00:28 1864                       /lib/x86_64-linux-gnu/libgcc_s.so.1
7aaa2fe76000-7aaa2fe77000 rw-p 00016000 00:28 1864                       /lib/x86_64-linux-gnu/libgcc_s.so.1
7aaa2fe77000-7aaa2ff7a000 r-xp 00000000 00:28 1883                       /lib/x86_64-linux-gnu/libm-2.24.so
7aaa2ff7a000-7aaa30179000 ---p 00103000 00:28 1883                       /lib/x86_64-linux-gnu/libm-2.24.so
7aaa30179000-7aaa3017a000 r--p 00102000 00:28 1883                       /lib/x86_64-linux-gnu/libm-2.24.so
7aaa3017a000-7aaa3017b000 rw-p 00103000 00:28 1883                       /lib/x86_64-linux-gnu/libm-2.24.so
7aaa3017b000-7aaa302ed000 r-xp 00000000 00:28 5509                       /usr/lib/x86_64-linux-gnu/libstdc++.so.6.0.22
7aaa302ed000-7aaa304ed000 ---p 00172000 00:28 5509                       /usr/lib/x86_64-linux-gnu/libstdc++.so.6.0.22
7aaa304ed000-7aaa304f7000 r--p 00172000 00:28 5509                       /usr/lib/x86_64-linux-gnu/libstdc++.so.6.0.22
7aaa304f7000-7aaa304f9000 rw-p 0017c000 00:28 5509                       /usr/lib/x86_64-linux-gnu/libstdc++.so.6.0.22
7aaa304f9000-7aaa304fd000 rw-p 00000000 00:00 0 
7aaa304fd000-7aaa31168000 r-xp 00000000 00:28 190974                     /usr/lib/jvm/java-8-openjdk-amd64/jre/lib/amd64/server/libjvm.so
7aaa31168000-7aaa31367000 ---p 00c6b000 00:28 190974                     /usr/lib/jvm/java-8-openjdk-amd64/jre/lib/amd64/server/libjvm.so
7aaa31367000-7aaa313fb000 r--p 00c6a000 00:28 190974                     /usr/lib/jvm/java-8-openjdk-amd64/jre/lib/amd64/server/libjvm.so
7aaa313fb000-7aaa31424000 rw-p 00cfe000 00:28 190974                     /usr/lib/jvm/java-8-openjdk-amd64/jre/lib/amd64/server/libjvm.so
7aaa31424000-7aaa31454000 rw-p 00000000 00:00 0 
7aaa31454000-7aaa315e9000 r-xp 00000000 00:28 1833                       /lib/x86_64-linux-gnu/libc-2.24.so
7aaa315e9000-7aaa317e9000 ---p 00195000 00:28 1833                       /lib/x86_64-linux-gnu/libc-2.24.so
7aaa317e9000-7aaa317ed000 r--p 00195000 00:28 1833                       /lib/x86_64-linux-gnu/libc-2.24.so
7aaa317ed000-7aaa317ef000 rw-p 00199000 00:28 1833                       /lib/x86_64-linux-gnu/libc-2.24.so
7aaa317ef000-7aaa317f3000 rw-p 00000000 00:00 0 
7aaa317f3000-7aaa317f6000 r-xp 00000000 00:28 1850                       /lib/x86_64-linux-gnu/libdl-2.24.so
7aaa317f6000-7aaa319f5000 ---p 00003000 00:28 1850                       /lib/x86_64-linux-gnu/libdl-2.24.so
7aaa319f5000-7aaa319f6000 r--p 00002000 00:28 1850                       /lib/x86_64-linux-gnu/libdl-2.24.so
7aaa319f6000-7aaa319f7000 rw-p 00003000 00:28 1850                       /lib/x86_64-linux-gnu/libdl-2.24.so
7aaa319f7000-7aaa31a04000 r-xp 00000000 00:28 190939                     /usr/lib/jvm/java-8-openjdk-amd64/jre/lib/amd64/jli/libjli.so
7aaa31a04000-7aaa31c04000 ---p 0000d000 00:28 190939                     /usr/lib/jvm/java-8-openjdk-amd64/jre/lib/amd64/jli/libjli.so
7aaa31c04000-7aaa31c05000 r--p 0000d000 00:28 190939                     /usr/lib/jvm/java-8-openjdk-amd64/jre/lib/amd64/jli/libjli.so
7aaa31c05000-7aaa31c06000 rw-p 0000e000 00:28 190939                     /usr/lib/jvm/java-8-openjdk-amd64/jre/lib/amd64/jli/libjli.so
7aaa31c06000-7aaa31c1f000 r-xp 00000000 00:28 1958                       /lib/x86_64-linux-gnu/libz.so.1.2.8
7aaa31c1f000-7aaa31e1e000 ---p 00019000 00:28 1958                       /lib/x86_64-linux-gnu/libz.so.1.2.8
7aaa31e1e000-7aaa31e1f000 r--p 00018000 00:28 1958                       /lib/x86_64-linux-gnu/libz.so.1.2.8
7aaa31e1f000-7aaa31e20000 rw-p 00019000 00:28 1958                       /lib/x86_64-linux-gnu/libz.so.1.2.8
7aaa31e20000-7aaa31e38000 r-xp 00000000 00:28 1923                       /lib/x86_64-linux-gnu/libpthread-2.24.so
7aaa31e38000-7aaa32037000 ---p 00018000 00:28 1923                       /lib/x86_64-linux-gnu/libpthread-2.24.so
7aaa32037000-7aaa32038000 r--p 00017000 00:28 1923                       /lib/x86_64-linux-gnu/libpthread-2.24.so
7aaa32038000-7aaa32039000 rw-p 00018000 00:28 1923                       /lib/x86_64-linux-gnu/libpthread-2.24.so
7aaa32039000-7aaa3203d000 rw-p 00000000 00:00 0 
7aaa3203d000-7aaa32060000 r-xp 00000000 00:28 1809                       /lib/x86_64-linux-gnu/ld-2.24.so
7aaa32060000-7aaa32061000 r--s 00010000 00:28 190992                     /usr/lib/jvm/java-8-openjdk-amd64/jre/lib/ext/zipfs.jar
7aaa32061000-7aaa320fb000 rw-p 00000000 00:00 0 
7aaa320fb000-7aaa3214b000 ---p 00000000 00:00 0 
7aaa3214b000-7aaa3214f000 ---p 00000000 00:00 0 
7aaa3214f000-7aaa32250000 rw-p 00000000 00:00 0 
7aaa32250000-7aaa32251000 r--s 0000d000 00:28 190989                     /usr/lib/jvm/java-8-openjdk-amd64/jre/lib/ext/sunec.jar
7aaa32251000-7aaa32252000 r--s 0000a000 00:28 190986                     /usr/lib/jvm/java-8-openjdk-amd64/jre/lib/ext/jaccess.jar
7aaa32252000-7aaa32254000 r--s 00001000 00:28 190984                     /usr/lib/jvm/java-8-openjdk-amd64/jre/lib/ext/dnsns.jar
7aaa32254000-7aaa32256000 r--s 00007000 00:28 58299                      /usr/share/java/java-atk-wrapper.jar
7aaa32256000-7aaa3225e000 rw-s 00000000 00:28 325646                     /tmp/hsperfdata_sgtmms/17071
7aaa3225e000-7aaa3225f000 rw-p 00000000 00:00 0 
7aaa3225f000-7aaa32260000 ---p 00000000 00:00 0 
7aaa32260000-7aaa32261000 r--p 00023000 00:28 1809                       /lib/x86_64-linux-gnu/ld-2.24.so
7aaa32261000-7aaa32262000 rw-p 00024000 00:28 1809                       /lib/x86_64-linux-gnu/ld-2.24.so
7aaa32262000-7aaa32263000 rw-p 00000000 00:00 0 
7ffde089d000-7ffde08c0000 rw-p 00000000 00:00 0                          [stack]
7ffde08dc000-7ffde08df000 r--p 00000000 00:00 0                          [vvar]
7ffde08df000-7ffde08e1000 r-xp 00000000 00:00 0                          [vdso]
ffffffffff600000-ffffffffff601000 r-xp 00000000 00:00 0                  [vsyscall]

VM Arguments:
jvm_args: -Xdebug -Xnoagent -Djava.compiler=NONE -Xrunjdwp:transport=dt_socket,address=localhost:46021,server=n,suspend=y -Dfile.encoding=UTF-8 
java_command: net.mims.minnlakes.MinnLakesApplication
java_class_path (initial): /home/sgtmms/IdeaProjects/MinnLakes/target/classes:/home/sgtmms/.m2/repository/org/springframework/boot/spring-boot-starter-data-rest/2.1.4.RELEASE/spring-boot-starter-data-rest-2.1.4.RELEASE.jar:/home/sgtmms/.m2/repository/org/springframework/boot/spring-boot-starter-web/2.1.4.RELEASE/spring-boot-starter-web-2.1.4.RELEASE.jar:/home/sgtmms/.m2/repository/org/springframework/boot/spring-boot-starter-json/2.1.4.RELEASE/spring-boot-starter-json-2.1.4.RELEASE.jar:/home/sgtmms/.m2/repository/com/fasterxml/jackson/datatype/jackson-datatype-jdk8/2.9.8/jackson-datatype-jdk8-2.9.8.jar:/home/sgtmms/.m2/repository/com/fasterxml/jackson/datatype/jackson-datatype-jsr310/2.9.8/jackson-datatype-jsr310-2.9.8.jar:/home/sgtmms/.m2/repository/com/fasterxml/jackson/module/jackson-module-parameter-names/2.9.8/jackson-module-parameter-names-2.9.8.jar:/home/sgtmms/.m2/repository/org/springframework/boot/spring-boot-starter-tomcat/2.1.4.RELEASE/spring-boot-starter-tomcat-2.1.4.RELEASE.jar:/home/sgtmms/.m2/repository/org/apache/tomcat/embed/tomcat-embed-core/9.0.17/tomcat-embed-core-9.0.17.jar:/home/sgtmms/.m2/repository/org/apache/tomcat/embed/tomcat-embed-el/9.0.17/tomcat-embed-el-9.0.17.jar:/home/sgtmms/.m2/repository/org/apache/tomcat/embed/tomcat-embed-websocket/9.0.17/tomcat-embed-websocket-9.0.17.jar:/home/sgtmms/.m2/repository/org/hibernate/validator/hibernate-validator/6.0.16.Final/hibernate-validator-6.0.16.Final.jar:/home/sgtmms/.m2/repository/javax/validation/validation-api/2.0.1.Final/validation-api-2.0.1.Final.jar:/home/sgtmms/.m2/repository/org/springframework/spring-webmvc/5.1.6.RELEASE/spring-webmvc-5.1.6.RELEASE.jar:/home/sgtmms/.m2/repository/org/springframework/spring-expression/5.1.6.RELEASE/spring-expression-5.1.6.RELEASE.jar:/home/sgtmms/.m2/repository/org/springframework/data/spring-data-rest-webmvc/3.1.6.RELEASE/spring-data-rest-webmvc-3.1.6.RELEASE.jar:/home/sgtmms/.m2/repository/org/springframework/data/spring-data-rest-core/3.1.6.RELE
Launcher Type: SUN_STANDARD

Environment Variables:
PATH=/usr/local/bin:/usr/bin:/bin:/usr/local/games:/usr/games:/snap/bin
SHELL=/bin/bash
DISPLAY=:0

Signal Handlers:
SIGSEGV: [libjvm.so+0xa7fff0], sa_mask[0]=11111111011111111101111111111110, sa_flags=SA_RESTART|SA_SIGINFO
SIGBUS: [libjvm.so+0xa7fff0], sa_mask[0]=11111111011111111101111111111110, sa_flags=SA_RESTART|SA_SIGINFO
SIGFPE: [libjvm.so+0x8c89a0], sa_mask[0]=11111111011111111101111111111110, sa_flags=SA_RESTART|SA_SIGINFO
SIGPIPE: [libjvm.so+0x8c89a0], sa_mask[0]=11111111011111111101111111111110, sa_flags=SA_RESTART|SA_SIGINFO
SIGXFSZ: [libjvm.so+0x8c89a0], sa_mask[0]=11111111011111111101111111111110, sa_flags=SA_RESTART|SA_SIGINFO
SIGILL: [libjvm.so+0x8c89a0], sa_mask[0]=11111111011111111101111111111110, sa_flags=SA_RESTART|SA_SIGINFO
SIGUSR1: SIG_DFL, sa_mask[0]=00000000000000000000000000000000, sa_flags=none
SIGUSR2: [libjvm.so+0x8c8850], sa_mask[0]=00100000000000000000000000000000, sa_flags=SA_RESTART|SA_SIGINFO
SIGHUP: [libjvm.so+0x8c8ec0], sa_mask[0]=11111111011111111101111111111110, sa_flags=SA_RESTART|SA_SIGINFO
SIGINT: [libjvm.so+0x8c8ec0], sa_mask[0]=11111111011111111101111111111110, sa_flags=SA_RESTART|SA_SIGINFO
SIGTERM: [libjvm.so+0x8c8ec0], sa_mask[0]=11111111011111111101111111111110, sa_flags=SA_RESTART|SA_SIGINFO
SIGQUIT: [libjvm.so+0x8c8ec0], sa_mask[0]=11111111011111111101111111111110, sa_flags=SA_RESTART|SA_SIGINFO


---------------  S Y S T E M  ---------------

OS:PRETTY_NAME="Debian GNU/Linux 9 (stretch)"
NAME="Debian GNU/Linux"
VERSION_ID="9"
VERSION="9 (stretch)"
VERSION_CODENAME=stretch
ID=debian
HOME_URL="https://www.debian.org/"
SUPPORT_URL="https://www.debian.org/support"
BUG_REPORT_URL="https://bugs.debian.org/"

uname:Linux 4.19.87-07826-g55ab70aff690 #1 SMP PREEMPT Tue Feb 4 17:29:42 PST 2020 x86_64
libc:glibc 2.24 NPTL 2.24 
rlimit: STACK 8192k, CORE 0k, NPROC 11159, NOFILE 1048576, AS infinity
load average:3.46 2.81 2.70

/proc/meminfo:
MemTotal:        2861492 kB
MemFree:           77500 kB
MemAvailable:      35568 kB
Buffers:             164 kB
Cached:           100364 kB
SwapCached:            0 kB
Active:          2474812 kB
Inactive:          59492 kB
Active(anon):    2446880 kB
Inactive(anon):    29864 kB
Active(file):      27932 kB
Inactive(file):    29628 kB
Unevictable:           0 kB
Mlocked:               0 kB
SwapTotal:             0 kB
SwapFree:              0 kB
Dirty:                96 kB
Writeback:             0 kB
AnonPages:       2434000 kB
Mapped:            34140 kB
Shmem:             45700 kB
Slab:              66996 kB
SReclaimable:      15900 kB
SUnreclaim:        51096 kB
KernelStack:        7392 kB
PageTables:        24604 kB
NFS_Unstable:          0 kB
Bounce:                0 kB
WritebackTmp:          0 kB
CommitLimit:     1430744 kB
Committed_AS:    5061248 kB
VmallocTotal:   34359738367 kB
VmallocUsed:           0 kB
VmallocChunk:          0 kB
Percpu:              976 kB
AnonHugePages:         0 kB
ShmemHugePages:        0 kB
ShmemPmdMapped:        0 kB
HugePages_Total:       0
HugePages_Free:        0
HugePages_Rsvd:        0
HugePages_Surp:        0
Hugepagesize:       2048 kB
Hugetlb:               0 kB
DirectMap4k:       54272 kB
DirectMap2M:     3143680 kB
DirectMap1G:           0 kB

container (cgroup) information:
container_type: cgroupv1
cpu_cpuset_cpus: 0-3
cpu_memory_nodes: 0
active_processor_count: 4
cpu_quota: -1
cpu_period: 100000
cpu_shares: -1
memory_limit_in_bytes: -1
memory_and_swap_limit_in_bytes: -2
memory_soft_limit_in_bytes: -1
memory_usage_in_bytes: 2601537536
memory_max_usage_in_bytes: 2636558336


CPU:total 4 (initial active 4) (4 cores per cpu, 1 threads per core) family 6 model 92 stepping 9, cmov, cx8, fxsr, mmx, sse, sse2, sse3, ssse3, sse4.1, sse4.2, popcnt, aes, clmul, erms, 3dnowpref, tsc, tscinvbit

/proc/cpuinfo:
processor	: 0
vendor_id	: GenuineIntel
cpu family	: 6
model		: 92
model name	: 06/5c
stepping	: 9
microcode	: 0x1
cpu MHz		: 1094.426
cache size	: 1024 KB
physical id	: 0
siblings	: 4
core id		: 2
cpu cores	: 4
apicid		: 4
initial apicid	: 4
fpu		: yes
fpu_exception	: yes
cpuid level	: 13
wp		: yes
flags		: fpu vme de pse tsc msr pae mce cx8 apic sep mtrr pge mca cmov pat pse36 clflush mmx fxsr sse sse2 ss ht syscall nx pdpe1gb rdtscp lm constant_tsc arch_perfmon rep_good nopl xtopology nonstop_tsc cpuid tsc_known_freq pni pclmulqdq ssse3 cx16 sse4_1 sse4_2 x2apic movbe popcnt aes xsave rdrand hypervisor lahf_lm 3dnowprefetch ibrs ibpb stibp fsgsbase tsc_adjust smep erms mpx rdseed smap clflushopt xsaveopt xsavec xgetbv1 arat md_clear arch_capabilities
bugs		: spectre_v1 spectre_v2
bogomips	: 2188.85
clflush size	: 64
cache_alignment	: 64
address sizes	: 39 bits physical, 48 bits virtual
power management:

processor	: 1
vendor_id	: GenuineIntel
cpu family	: 6
model		: 92
model name	: 06/5c
stepping	: 9
microcode	: 0x1
cpu MHz		: 1094.426
cache size	: 1024 KB
physical id	: 0
siblings	: 4
core id		: 2
cpu cores	: 4
apicid		: 4
initial apicid	: 4
fpu		: yes
fpu_exception	: yes
cpuid level	: 13
wp		: yes
flags		: fpu vme de pse tsc msr pae mce cx8 apic sep mtrr pge mca cmov pat pse36 clflush mmx fxsr sse sse2 ss ht syscall nx pdpe1gb rdtscp lm constant_tsc arch_perfmon rep_good nopl xtopology nonstop_tsc cpuid tsc_known_freq pni pclmulqdq ssse3 cx16 sse4_1 sse4_2 x2apic movbe popcnt aes xsave rdrand hypervisor lahf_lm 3dnowprefetch ibrs ibpb stibp fsgsbase tsc_adjust smep erms mpx rdseed smap clflushopt xsaveopt xsavec xgetbv1 arat md_clear arch_capabilities
bugs		: spectre_v1 spectre_v2
bogomips	: 2188.85
clflush size	: 64
cache_alignment	: 64
address sizes	: 39 bits physical, 48 bits virtual
power management:

processor	: 2
vendor_id	: GenuineIntel
cpu family	: 6
model		: 92
model name	: 06/5c
stepping	: 9
microcode	: 0x1
cpu MHz		: 1094.426
cache size	: 1024 KB
physical id	: 0
siblings	: 4
core id		: 2
cpu cores	: 4
apicid		: 4
initial apicid	: 4
fpu		: yes
fpu_exception	: yes
cpuid level	: 13
wp		: yes
flags		: fpu vme de pse tsc msr pae mce cx8 apic sep mtrr pge mca cmov pat pse36 clflush mmx fxsr sse sse2 ss ht syscall nx pdpe1gb rdtscp lm constant_tsc arch_perfmon rep_good nopl xtopology nonstop_tsc cpuid tsc_known_freq pni pclmulqdq ssse3 cx16 sse4_1 sse4_2 x2apic movbe popcnt aes xsave rdrand hypervisor lahf_lm 3dnowprefetch ibrs ibpb stibp fsgsbase tsc_adjust smep erms mpx rdseed smap clflushopt xsaveopt xsavec xgetbv1 arat md_clear arch_capabilities
bugs		: spectre_v1 spectre_v2
bogomips	: 2188.85
clflush size	: 64
cache_alignment	: 64
address sizes	: 39 bits physical, 48 bits virtual
power management:

processor	: 3
vendor_id	: GenuineIntel
cpu family	: 6
model		: 92
model name	: 06/5c
stepping	: 9
microcode	: 0x1
cpu MHz		: 1094.426
cache size	: 1024 KB
physical id	: 0
siblings	: 4
core id		: 2
cpu cores	: 4
apicid		: 4
initial apicid	: 4
fpu		: yes
fpu_exception	: yes
cpuid level	: 13
wp		: yes
flags		: fpu vme de pse tsc msr pae mce cx8 apic sep mtrr pge mca cmov pat pse36 clflush mmx fxsr sse sse2 ss ht syscall nx pdpe1gb rdtscp lm constant_tsc arch_perfmon rep_good nopl xtopology nonstop_tsc cpuid tsc_known_freq pni pclmulqdq ssse3 cx16 sse4_1 sse4_2 x2apic movbe popcnt aes xsave rdrand hypervisor lahf_lm 3dnowprefetch ibrs ibpb stibp fsgsbase tsc_adjust smep erms mpx rdseed smap clflushopt xsaveopt xsavec xgetbv1 arat md_clear arch_capabilities
bugs		: spectre_v1 spectre_v2
bogomips	: 2188.85
clflush size	: 64
cache_alignment	: 64
address sizes	: 39 bits physical, 48 bits virtual
power management:



Memory: 4k page, physical 2861492k(77500k free), swap 0k(0k free)

vm_info: OpenJDK 64-Bit Server VM (25.242-b08) for linux-amd64 JRE (1.8.0_242-8u242-b08-1~deb9u1-b08), built on Feb 10 2020 12:38:09 by "pbuilder" with gcc 6.3.0 20170516

time: Wed Mar 25 19:48:15 2020
timezone: CDT
elapsed time: 128 seconds (0d 0h 2m 8s)

